2020-04-23 10:04:21.053 INFO  (main) [   ] o.e.j.u.log Logging initialized @2397ms to org.eclipse.jetty.util.log.Slf4jLog
2020-04-23 10:04:21.361 WARN  (main) [   ] o.e.j.s.AbstractConnector Ignoring deprecated socket close linger time
2020-04-23 10:04:21.362 WARN  (main) [   ] o.e.j.x.XmlConfiguration Deprecated method public void org.eclipse.jetty.server.ServerConnector.setSoLingerTime(int) in file:///C:/Users/soham/OneDrive/Desktop/Information%20Retrieval/CZ4034/solr/server/etc/jetty-http.xml
2020-04-23 10:04:21.376 INFO  (main) [   ] o.e.j.s.Server jetty-9.4.19.v20190610; built: 2019-06-10T16:30:51.723Z; git: afcf563148970e98786327af5e07c261fda175d3; jvm 11.0.4+10-LTS
2020-04-23 10:04:21.414 INFO  (main) [   ] o.e.j.d.p.ScanningAppProvider Deployment monitor [file:///C:/Users/soham/OneDrive/Desktop/Information%20Retrieval/CZ4034/solr/server/contexts/] at interval 0
2020-04-23 10:04:22.514 INFO  (main) [   ] o.e.j.w.StandardDescriptorProcessor NO JSP Support for /solr, did not find org.apache.jasper.servlet.JspServlet
2020-04-23 10:04:22.531 INFO  (main) [   ] o.e.j.s.session DefaultSessionIdManager workerName=node0
2020-04-23 10:04:22.531 INFO  (main) [   ] o.e.j.s.session No SessionScavenger set, using defaults
2020-04-23 10:04:22.535 INFO  (main) [   ] o.e.j.s.session node0 Scavenging every 660000ms
2020-04-23 10:04:22.668 INFO  (main) [   ] o.a.s.s.SolrDispatchFilter Using logger factory org.apache.logging.slf4j.Log4jLoggerFactory
2020-04-23 10:04:22.675 INFO  (main) [   ] o.a.s.s.SolrDispatchFilter  ___      _       Welcome to Apache Solr™ version 8.4.1
2020-04-23 10:04:22.675 INFO  (main) [   ] o.a.s.s.SolrDispatchFilter / __| ___| |_ _   Starting in standalone mode on port 8983
2020-04-23 10:04:22.675 INFO  (main) [   ] o.a.s.s.SolrDispatchFilter \__ \/ _ \ | '_|  Install dir: C:\Users\soham\OneDrive\Desktop\Information Retrieval\CZ4034\solr
2020-04-23 10:04:22.677 INFO  (main) [   ] o.a.s.s.SolrDispatchFilter |___/\___/_|_|    Start time: 2020-04-23T10:04:22.676661600Z
2020-04-23 10:04:22.750 INFO  (main) [   ] o.a.s.c.SolrResourceLoader Using system property solr.solr.home: C:\Users\soham\OneDrive\Desktop\Information Retrieval\CZ4034\solr\server\solr
2020-04-23 10:04:22.760 INFO  (main) [   ] o.a.s.c.SolrXmlConfig Loading container configuration from C:\Users\soham\OneDrive\Desktop\Information Retrieval\CZ4034\solr\server\solr\solr.xml
2020-04-23 10:04:22.890 INFO  (main) [   ] o.a.s.c.SolrXmlConfig MBean server found: com.sun.jmx.mbeanserver.JmxMBeanServer@14bee915, but no JMX reporters were configured - adding default JMX reporter.
2020-04-23 10:04:24.201 INFO  (main) [   ] o.a.s.h.c.HttpShardHandlerFactory Host whitelist initialized: WhitelistHostChecker [whitelistHosts=null, whitelistHostCheckingEnabled=true]
2020-04-23 10:04:24.446 WARN  (main) [   ] o.e.j.u.s.S.config Trusting all certificates configured for Client@602ae7b6[provider=null,keyStore=null,trustStore=null]
2020-04-23 10:04:24.446 WARN  (main) [   ] o.e.j.u.s.S.config No Client EndPointIdentificationAlgorithm configured for Client@602ae7b6[provider=null,keyStore=null,trustStore=null]
2020-04-23 10:04:24.707 WARN  (main) [   ] o.e.j.u.s.S.config Trusting all certificates configured for Client@6920614[provider=null,keyStore=null,trustStore=null]
2020-04-23 10:04:24.708 WARN  (main) [   ] o.e.j.u.s.S.config No Client EndPointIdentificationAlgorithm configured for Client@6920614[provider=null,keyStore=null,trustStore=null]
2020-04-23 10:04:24.740 WARN  (main) [   ] o.a.s.c.CoreContainer Not all security plugins configured!  authentication=disabled authorization=disabled.  Solr is only as secure as you make it. Consider configuring authentication/authorization before exposing Solr to users internal or external.  See https://s.apache.org/solrsecurity for more info
2020-04-23 10:04:29.792 INFO  (main) [   ] o.a.s.c.TransientSolrCoreCacheDefault Allocating transient cache for 2147483647 transient cores
2020-04-23 10:04:29.797 INFO  (main) [   ] o.a.s.h.a.MetricsHistoryHandler No .system collection, keeping metrics history in memory.
2020-04-23 10:04:29.999 INFO  (main) [   ] o.a.s.m.r.SolrJmxReporter JMX monitoring for 'solr.node' (registry 'solr.node') enabled at server: com.sun.jmx.mbeanserver.JmxMBeanServer@14bee915
2020-04-23 10:04:30.000 INFO  (main) [   ] o.a.s.m.r.SolrJmxReporter JMX monitoring for 'solr.jvm' (registry 'solr.jvm') enabled at server: com.sun.jmx.mbeanserver.JmxMBeanServer@14bee915
2020-04-23 10:04:30.008 INFO  (main) [   ] o.a.s.m.r.SolrJmxReporter JMX monitoring for 'solr.jetty' (registry 'solr.jetty') enabled at server: com.sun.jmx.mbeanserver.JmxMBeanServer@14bee915
2020-04-23 10:04:30.129 INFO  (main) [   ] o.a.s.c.CorePropertiesLocator Found 1 core definitions underneath C:\Users\soham\OneDrive\Desktop\Information Retrieval\CZ4034\solr\server\solr
2020-04-23 10:04:30.129 INFO  (main) [   ] o.a.s.c.CorePropertiesLocator Cores are: [tweets]
2020-04-23 10:04:30.267 INFO  (coreLoadExecutor-9-thread-1) [   x:tweets] o.a.s.c.SolrResourceLoader [tweets] Added 60 libs to classloader, from paths: [/C:/Users/soham/OneDrive/Desktop/Information%20Retrieval/CZ4034/solr/contrib/clustering/lib, /C:/Users/soham/OneDrive/Desktop/Information%20Retrieval/CZ4034/solr/contrib/extraction/lib, /C:/Users/soham/OneDrive/Desktop/Information%20Retrieval/CZ4034/solr/contrib/langid/lib, /C:/Users/soham/OneDrive/Desktop/Information%20Retrieval/CZ4034/solr/contrib/velocity/lib, /C:/Users/soham/OneDrive/Desktop/Information%20Retrieval/CZ4034/solr/dist]
2020-04-23 10:04:30.890 INFO  (main) [   ] o.e.j.s.h.ContextHandler Started o.e.j.w.WebAppContext@6e57e95e{/solr,file:///C:/Users/soham/OneDrive/Desktop/Information%20Retrieval/CZ4034/solr/server/solr-webapp/webapp/,AVAILABLE}{C:\Users\soham\OneDrive\Desktop\Information Retrieval\CZ4034\solr\server/solr-webapp/webapp}
2020-04-23 10:04:30.922 INFO  (main) [   ] o.e.j.s.AbstractConnector Started ServerConnector@4264b240{HTTP/1.1,[http/1.1, h2c]}{0.0.0.0:8983}
2020-04-23 10:04:30.922 INFO  (main) [   ] o.e.j.s.Server Started @12271ms
2020-04-23 10:04:30.935 INFO  (coreLoadExecutor-9-thread-1) [   x:tweets] o.a.s.c.SolrConfig Using Lucene MatchVersion: 5.0.0
2020-04-23 10:04:31.432 INFO  (qtp1615801298-26) [   ] o.a.s.s.HttpSolrCall [admin] webapp=null path=/admin/info/system params={wt=json} status=0 QTime=149
2020-04-23 10:04:31.453 INFO  (coreLoadExecutor-9-thread-1) [   x:tweets] o.a.s.s.IndexSchema [tweets] Schema name=tweets-schema
2020-04-23 10:04:31.520 WARN  (coreLoadExecutor-9-thread-1) [   x:tweets] o.a.s.s.FieldTypePluginLoader TokenizerFactory is using deprecated 5.0.0 emulation. You should at some point declare and reindex to at least 7.0, because 6.x emulation is deprecated and will be removed in 8.0
2020-04-23 10:04:31.525 WARN  (coreLoadExecutor-9-thread-1) [   x:tweets] o.a.s.s.FieldTypePluginLoader TokenizerFactory is using deprecated 5.0.0 emulation. You should at some point declare and reindex to at least 7.0, because 6.x emulation is deprecated and will be removed in 8.0
2020-04-23 10:04:31.573 WARN  (coreLoadExecutor-9-thread-1) [   x:tweets] o.a.s.c.SolrResourceLoader Solr loaded a deprecated plugin/analysis class [solr.CurrencyField]. Please consult documentation how to replace it accordingly.
2020-04-23 10:04:31.599 WARN  (coreLoadExecutor-9-thread-1) [   x:tweets] o.a.s.c.SolrResourceLoader Solr loaded a deprecated plugin/analysis class [solr.TrieDateField]. Please consult documentation how to replace it accordingly.
2020-04-23 10:04:31.604 WARN  (coreLoadExecutor-9-thread-1) [   x:tweets] o.a.s.s.FieldTypePluginLoader TokenizerFactory is using deprecated 5.0.0 emulation. You should at some point declare and reindex to at least 7.0, because 6.x emulation is deprecated and will be removed in 8.0
2020-04-23 10:04:31.605 WARN  (coreLoadExecutor-9-thread-1) [   x:tweets] o.a.s.s.FieldTypePluginLoader TokenizerFactory is using deprecated 5.0.0 emulation. You should at some point declare and reindex to at least 7.0, because 6.x emulation is deprecated and will be removed in 8.0
2020-04-23 10:04:31.614 WARN  (coreLoadExecutor-9-thread-1) [   x:tweets] o.a.s.c.SolrResourceLoader Solr loaded a deprecated plugin/analysis class [solr.TrieDoubleField]. Please consult documentation how to replace it accordingly.
2020-04-23 10:04:31.622 WARN  (coreLoadExecutor-9-thread-1) [   x:tweets] o.a.s.c.SolrResourceLoader Solr loaded a deprecated plugin/analysis class [solr.TrieFloatField]. Please consult documentation how to replace it accordingly.
2020-04-23 10:04:31.636 WARN  (coreLoadExecutor-9-thread-1) [   x:tweets] o.a.s.c.SolrResourceLoader Solr loaded a deprecated plugin/analysis class [solr.TrieIntField]. Please consult documentation how to replace it accordingly.
2020-04-23 10:04:31.650 WARN  (coreLoadExecutor-9-thread-1) [   x:tweets] o.a.s.c.SolrResourceLoader Solr loaded a deprecated plugin/analysis class [solr.LatLonType]. Please consult documentation how to replace it accordingly.
2020-04-23 10:04:31.770 WARN  (coreLoadExecutor-9-thread-1) [   x:tweets] o.a.s.c.SolrResourceLoader Solr loaded a deprecated plugin/analysis class [solr.TrieLongField]. Please consult documentation how to replace it accordingly.
2020-04-23 10:04:31.776 WARN  (coreLoadExecutor-9-thread-1) [   x:tweets] o.a.s.s.FieldTypePluginLoader TokenizerFactory is using deprecated 5.0.0 emulation. You should at some point declare and reindex to at least 7.0, because 6.x emulation is deprecated and will be removed in 8.0
2020-04-23 10:04:31.777 WARN  (coreLoadExecutor-9-thread-1) [   x:tweets] o.a.s.s.FieldTypePluginLoader TokenFilterFactory is using deprecated 5.0.0 emulation. You should at some point declare and reindex to at least 7.0, because 6.x emulation is deprecated and will be removed in 8.0
2020-04-23 10:04:31.779 WARN  (coreLoadExecutor-9-thread-1) [   x:tweets] o.a.s.s.FieldTypePluginLoader TokenizerFactory is using deprecated 5.0.0 emulation. You should at some point declare and reindex to at least 7.0, because 6.x emulation is deprecated and will be removed in 8.0
2020-04-23 10:04:31.779 WARN  (coreLoadExecutor-9-thread-1) [   x:tweets] o.a.s.s.FieldTypePluginLoader TokenFilterFactory is using deprecated 5.0.0 emulation. You should at some point declare and reindex to at least 7.0, because 6.x emulation is deprecated and will be removed in 8.0
2020-04-23 10:04:31.815 WARN  (coreLoadExecutor-9-thread-1) [   x:tweets] o.a.s.s.FieldTypePluginLoader TokenizerFactory is using deprecated 5.0.0 emulation. You should at some point declare and reindex to at least 7.0, because 6.x emulation is deprecated and will be removed in 8.0
2020-04-23 10:04:31.815 WARN  (coreLoadExecutor-9-thread-1) [   x:tweets] o.a.s.s.FieldTypePluginLoader TokenFilterFactory is using deprecated 5.0.0 emulation. You should at some point declare and reindex to at least 7.0, because 6.x emulation is deprecated and will be removed in 8.0
2020-04-23 10:04:31.815 WARN  (coreLoadExecutor-9-thread-1) [   x:tweets] o.a.s.s.FieldTypePluginLoader TokenFilterFactory is using deprecated 5.0.0 emulation. You should at some point declare and reindex to at least 7.0, because 6.x emulation is deprecated and will be removed in 8.0
2020-04-23 10:04:31.815 WARN  (coreLoadExecutor-9-thread-1) [   x:tweets] o.a.s.s.FieldTypePluginLoader TokenFilterFactory is using deprecated 5.0.0 emulation. You should at some point declare and reindex to at least 7.0, because 6.x emulation is deprecated and will be removed in 8.0
2020-04-23 10:04:31.815 WARN  (coreLoadExecutor-9-thread-1) [   x:tweets] o.a.s.s.FieldTypePluginLoader TokenFilterFactory is using deprecated 5.0.0 emulation. You should at some point declare and reindex to at least 7.0, because 6.x emulation is deprecated and will be removed in 8.0
2020-04-23 10:04:31.819 WARN  (coreLoadExecutor-9-thread-1) [   x:tweets] o.a.s.s.FieldTypePluginLoader TokenizerFactory is using deprecated 5.0.0 emulation. You should at some point declare and reindex to at least 7.0, because 6.x emulation is deprecated and will be removed in 8.0
2020-04-23 10:04:31.819 WARN  (coreLoadExecutor-9-thread-1) [   x:tweets] o.a.s.s.FieldTypePluginLoader TokenFilterFactory is using deprecated 5.0.0 emulation. You should at some point declare and reindex to at least 7.0, because 6.x emulation is deprecated and will be removed in 8.0
2020-04-23 10:04:31.823 WARN  (coreLoadExecutor-9-thread-1) [   x:tweets] o.a.s.s.FieldTypePluginLoader TokenFilterFactory is using deprecated 5.0.0 emulation. You should at some point declare and reindex to at least 7.0, because 6.x emulation is deprecated and will be removed in 8.0
2020-04-23 10:04:31.823 WARN  (coreLoadExecutor-9-thread-1) [   x:tweets] o.a.s.s.FieldTypePluginLoader TokenFilterFactory is using deprecated 5.0.0 emulation. You should at some point declare and reindex to at least 7.0, because 6.x emulation is deprecated and will be removed in 8.0
2020-04-23 10:04:31.825 WARN  (coreLoadExecutor-9-thread-1) [   x:tweets] o.a.s.s.FieldTypePluginLoader TokenizerFactory is using deprecated 5.0.0 emulation. You should at some point declare and reindex to at least 7.0, because 6.x emulation is deprecated and will be removed in 8.0
2020-04-23 10:04:31.825 WARN  (coreLoadExecutor-9-thread-1) [   x:tweets] o.a.s.s.FieldTypePluginLoader TokenFilterFactory is using deprecated 5.0.0 emulation. You should at some point declare and reindex to at least 7.0, because 6.x emulation is deprecated and will be removed in 8.0
2020-04-23 10:04:31.825 WARN  (coreLoadExecutor-9-thread-1) [   x:tweets] o.a.s.s.FieldTypePluginLoader TokenFilterFactory is using deprecated 5.0.0 emulation. You should at some point declare and reindex to at least 7.0, because 6.x emulation is deprecated and will be removed in 8.0
2020-04-23 10:04:31.825 WARN  (coreLoadExecutor-9-thread-1) [   x:tweets] o.a.s.s.FieldTypePluginLoader TokenFilterFactory is using deprecated 5.0.0 emulation. You should at some point declare and reindex to at least 7.0, because 6.x emulation is deprecated and will be removed in 8.0
2020-04-23 10:04:31.825 WARN  (coreLoadExecutor-9-thread-1) [   x:tweets] o.a.s.s.FieldTypePluginLoader TokenFilterFactory is using deprecated 5.0.0 emulation. You should at some point declare and reindex to at least 7.0, because 6.x emulation is deprecated and will be removed in 8.0
2020-04-23 10:04:31.825 WARN  (coreLoadExecutor-9-thread-1) [   x:tweets] o.a.s.s.FieldTypePluginLoader TokenizerFactory is using deprecated 5.0.0 emulation. You should at some point declare and reindex to at least 7.0, because 6.x emulation is deprecated and will be removed in 8.0
2020-04-23 10:04:31.825 WARN  (coreLoadExecutor-9-thread-1) [   x:tweets] o.a.s.s.FieldTypePluginLoader TokenFilterFactory is using deprecated 5.0.0 emulation. You should at some point declare and reindex to at least 7.0, because 6.x emulation is deprecated and will be removed in 8.0
2020-04-23 10:04:31.825 WARN  (coreLoadExecutor-9-thread-1) [   x:tweets] o.a.s.s.FieldTypePluginLoader TokenFilterFactory is using deprecated 5.0.0 emulation. You should at some point declare and reindex to at least 7.0, because 6.x emulation is deprecated and will be removed in 8.0
2020-04-23 10:04:31.825 WARN  (coreLoadExecutor-9-thread-1) [   x:tweets] o.a.s.s.FieldTypePluginLoader TokenFilterFactory is using deprecated 5.0.0 emulation. You should at some point declare and reindex to at least 7.0, because 6.x emulation is deprecated and will be removed in 8.0
2020-04-23 10:04:31.825 WARN  (coreLoadExecutor-9-thread-1) [   x:tweets] o.a.s.s.FieldTypePluginLoader TokenizerFactory is using deprecated 5.0.0 emulation. You should at some point declare and reindex to at least 7.0, because 6.x emulation is deprecated and will be removed in 8.0
2020-04-23 10:04:31.825 WARN  (coreLoadExecutor-9-thread-1) [   x:tweets] o.a.s.s.FieldTypePluginLoader TokenFilterFactory is using deprecated 5.0.0 emulation. You should at some point declare and reindex to at least 7.0, because 6.x emulation is deprecated and will be removed in 8.0
2020-04-23 10:04:31.825 WARN  (coreLoadExecutor-9-thread-1) [   x:tweets] o.a.s.s.FieldTypePluginLoader TokenFilterFactory is using deprecated 5.0.0 emulation. You should at some point declare and reindex to at least 7.0, because 6.x emulation is deprecated and will be removed in 8.0
2020-04-23 10:04:31.825 WARN  (coreLoadExecutor-9-thread-1) [   x:tweets] o.a.s.s.FieldTypePluginLoader TokenFilterFactory is using deprecated 5.0.0 emulation. You should at some point declare and reindex to at least 7.0, because 6.x emulation is deprecated and will be removed in 8.0
2020-04-23 10:04:31.840 WARN  (coreLoadExecutor-9-thread-1) [   x:tweets] o.a.s.s.FieldTypePluginLoader TokenizerFactory is using deprecated 5.0.0 emulation. You should at some point declare and reindex to at least 7.0, because 6.x emulation is deprecated and will be removed in 8.0
2020-04-23 10:04:31.841 WARN  (coreLoadExecutor-9-thread-1) [   x:tweets] o.a.s.s.FieldTypePluginLoader TokenFilterFactory is using deprecated 5.0.0 emulation. You should at some point declare and reindex to at least 7.0, because 6.x emulation is deprecated and will be removed in 8.0
2020-04-23 10:04:31.841 WARN  (coreLoadExecutor-9-thread-1) [   x:tweets] o.a.s.s.FieldTypePluginLoader TokenFilterFactory is using deprecated 5.0.0 emulation. You should at some point declare and reindex to at least 7.0, because 6.x emulation is deprecated and will be removed in 8.0
2020-04-23 10:04:31.842 WARN  (coreLoadExecutor-9-thread-1) [   x:tweets] o.a.s.s.FieldTypePluginLoader TokenFilterFactory is using deprecated 5.0.0 emulation. You should at some point declare and reindex to at least 7.0, because 6.x emulation is deprecated and will be removed in 8.0
2020-04-23 10:04:31.843 WARN  (coreLoadExecutor-9-thread-1) [   x:tweets] o.a.s.s.FieldTypePluginLoader TokenizerFactory is using deprecated 5.0.0 emulation. You should at some point declare and reindex to at least 7.0, because 6.x emulation is deprecated and will be removed in 8.0
2020-04-23 10:04:31.843 WARN  (coreLoadExecutor-9-thread-1) [   x:tweets] o.a.s.s.FieldTypePluginLoader TokenFilterFactory is using deprecated 5.0.0 emulation. You should at some point declare and reindex to at least 7.0, because 6.x emulation is deprecated and will be removed in 8.0
2020-04-23 10:04:31.843 WARN  (coreLoadExecutor-9-thread-1) [   x:tweets] o.a.s.s.FieldTypePluginLoader TokenFilterFactory is using deprecated 5.0.0 emulation. You should at some point declare and reindex to at least 7.0, because 6.x emulation is deprecated and will be removed in 8.0
2020-04-23 10:04:31.843 WARN  (coreLoadExecutor-9-thread-1) [   x:tweets] o.a.s.s.FieldTypePluginLoader TokenFilterFactory is using deprecated 5.0.0 emulation. You should at some point declare and reindex to at least 7.0, because 6.x emulation is deprecated and will be removed in 8.0
2020-04-23 10:04:31.843 WARN  (coreLoadExecutor-9-thread-1) [   x:tweets] o.a.s.s.FieldTypePluginLoader TokenFilterFactory is using deprecated 5.0.0 emulation. You should at some point declare and reindex to at least 7.0, because 6.x emulation is deprecated and will be removed in 8.0
2020-04-23 10:04:31.843 WARN  (coreLoadExecutor-9-thread-1) [   x:tweets] o.a.s.s.FieldTypePluginLoader TokenizerFactory is using deprecated 5.0.0 emulation. You should at some point declare and reindex to at least 7.0, because 6.x emulation is deprecated and will be removed in 8.0
2020-04-23 10:04:31.843 WARN  (coreLoadExecutor-9-thread-1) [   x:tweets] o.a.s.s.FieldTypePluginLoader TokenFilterFactory is using deprecated 5.0.0 emulation. You should at some point declare and reindex to at least 7.0, because 6.x emulation is deprecated and will be removed in 8.0
2020-04-23 10:04:31.843 WARN  (coreLoadExecutor-9-thread-1) [   x:tweets] o.a.s.s.FieldTypePluginLoader TokenFilterFactory is using deprecated 5.0.0 emulation. You should at some point declare and reindex to at least 7.0, because 6.x emulation is deprecated and will be removed in 8.0
2020-04-23 10:04:31.843 WARN  (coreLoadExecutor-9-thread-1) [   x:tweets] o.a.s.s.FieldTypePluginLoader TokenFilterFactory is using deprecated 5.0.0 emulation. You should at some point declare and reindex to at least 7.0, because 6.x emulation is deprecated and will be removed in 8.0
2020-04-23 10:04:31.843 WARN  (coreLoadExecutor-9-thread-1) [   x:tweets] o.a.s.s.FieldTypePluginLoader TokenizerFactory is using deprecated 5.0.0 emulation. You should at some point declare and reindex to at least 7.0, because 6.x emulation is deprecated and will be removed in 8.0
2020-04-23 10:04:31.859 WARN  (coreLoadExecutor-9-thread-1) [   x:tweets] o.a.s.s.FieldTypePluginLoader TokenFilterFactory is using deprecated 5.0.0 emulation. You should at some point declare and reindex to at least 7.0, because 6.x emulation is deprecated and will be removed in 8.0
2020-04-23 10:04:31.859 WARN  (coreLoadExecutor-9-thread-1) [   x:tweets] o.a.s.c.SolrResourceLoader Solr loaded a deprecated plugin/analysis class [solr.SynonymFilterFactory]. Please consult documentation how to replace it accordingly.
2020-04-23 10:04:31.859 WARN  (coreLoadExecutor-9-thread-1) [   x:tweets] o.a.s.s.FieldTypePluginLoader TokenFilterFactory is using deprecated 5.0.0 emulation. You should at some point declare and reindex to at least 7.0, because 6.x emulation is deprecated and will be removed in 8.0
2020-04-23 10:04:31.859 WARN  (coreLoadExecutor-9-thread-1) [   x:tweets] o.a.s.s.FieldTypePluginLoader TokenFilterFactory is using deprecated 5.0.0 emulation. You should at some point declare and reindex to at least 7.0, because 6.x emulation is deprecated and will be removed in 8.0
2020-04-23 10:04:31.860 WARN  (coreLoadExecutor-9-thread-1) [   x:tweets] o.a.s.s.FieldTypePluginLoader TokenFilterFactory is using deprecated 5.0.0 emulation. You should at some point declare and reindex to at least 7.0, because 6.x emulation is deprecated and will be removed in 8.0
2020-04-23 10:04:31.860 WARN  (coreLoadExecutor-9-thread-1) [   x:tweets] o.a.s.s.FieldTypePluginLoader TokenFilterFactory is using deprecated 5.0.0 emulation. You should at some point declare and reindex to at least 7.0, because 6.x emulation is deprecated and will be removed in 8.0
2020-04-23 10:04:31.860 WARN  (coreLoadExecutor-9-thread-1) [   x:tweets] o.a.s.s.FieldTypePluginLoader TokenFilterFactory is using deprecated 5.0.0 emulation. You should at some point declare and reindex to at least 7.0, because 6.x emulation is deprecated and will be removed in 8.0
2020-04-23 10:04:31.861 WARN  (coreLoadExecutor-9-thread-1) [   x:tweets] o.a.s.s.FieldTypePluginLoader TokenizerFactory is using deprecated 5.0.0 emulation. You should at some point declare and reindex to at least 7.0, because 6.x emulation is deprecated and will be removed in 8.0
2020-04-23 10:04:31.861 WARN  (coreLoadExecutor-9-thread-1) [   x:tweets] o.a.s.s.FieldTypePluginLoader TokenFilterFactory is using deprecated 5.0.0 emulation. You should at some point declare and reindex to at least 7.0, because 6.x emulation is deprecated and will be removed in 8.0
2020-04-23 10:04:31.861 WARN  (coreLoadExecutor-9-thread-1) [   x:tweets] o.a.s.s.FieldTypePluginLoader TokenFilterFactory is using deprecated 5.0.0 emulation. You should at some point declare and reindex to at least 7.0, because 6.x emulation is deprecated and will be removed in 8.0
2020-04-23 10:04:31.861 WARN  (coreLoadExecutor-9-thread-1) [   x:tweets] o.a.s.s.FieldTypePluginLoader TokenFilterFactory is using deprecated 5.0.0 emulation. You should at some point declare and reindex to at least 7.0, because 6.x emulation is deprecated and will be removed in 8.0
2020-04-23 10:04:31.861 WARN  (coreLoadExecutor-9-thread-1) [   x:tweets] o.a.s.s.FieldTypePluginLoader TokenFilterFactory is using deprecated 5.0.0 emulation. You should at some point declare and reindex to at least 7.0, because 6.x emulation is deprecated and will be removed in 8.0
2020-04-23 10:04:31.861 WARN  (coreLoadExecutor-9-thread-1) [   x:tweets] o.a.s.s.FieldTypePluginLoader TokenFilterFactory is using deprecated 5.0.0 emulation. You should at some point declare and reindex to at least 7.0, because 6.x emulation is deprecated and will be removed in 8.0
2020-04-23 10:04:31.861 WARN  (coreLoadExecutor-9-thread-1) [   x:tweets] o.a.s.s.FieldTypePluginLoader TokenizerFactory is using deprecated 5.0.0 emulation. You should at some point declare and reindex to at least 7.0, because 6.x emulation is deprecated and will be removed in 8.0
2020-04-23 10:04:31.861 WARN  (coreLoadExecutor-9-thread-1) [   x:tweets] o.a.s.s.FieldTypePluginLoader TokenFilterFactory is using deprecated 5.0.0 emulation. You should at some point declare and reindex to at least 7.0, because 6.x emulation is deprecated and will be removed in 8.0
2020-04-23 10:04:31.861 WARN  (coreLoadExecutor-9-thread-1) [   x:tweets] o.a.s.s.FieldTypePluginLoader TokenFilterFactory is using deprecated 5.0.0 emulation. You should at some point declare and reindex to at least 7.0, because 6.x emulation is deprecated and will be removed in 8.0
2020-04-23 10:04:31.861 WARN  (coreLoadExecutor-9-thread-1) [   x:tweets] o.a.s.s.FieldTypePluginLoader TokenFilterFactory is using deprecated 5.0.0 emulation. You should at some point declare and reindex to at least 7.0, because 6.x emulation is deprecated and will be removed in 8.0
2020-04-23 10:04:31.869 WARN  (coreLoadExecutor-9-thread-1) [   x:tweets] o.a.s.c.SolrResourceLoader Solr loaded a deprecated plugin/analysis class [solr.WordDelimiterFilterFactory]. Please consult documentation how to replace it accordingly.
2020-04-23 10:04:31.869 WARN  (coreLoadExecutor-9-thread-1) [   x:tweets] o.a.s.s.FieldTypePluginLoader TokenFilterFactory is using deprecated 5.0.0 emulation. You should at some point declare and reindex to at least 7.0, because 6.x emulation is deprecated and will be removed in 8.0
2020-04-23 10:04:31.869 WARN  (coreLoadExecutor-9-thread-1) [   x:tweets] o.a.s.s.FieldTypePluginLoader TokenFilterFactory is using deprecated 5.0.0 emulation. You should at some point declare and reindex to at least 7.0, because 6.x emulation is deprecated and will be removed in 8.0
2020-04-23 10:04:31.870 WARN  (coreLoadExecutor-9-thread-1) [   x:tweets] o.a.s.s.FieldTypePluginLoader TokenFilterFactory is using deprecated 5.0.0 emulation. You should at some point declare and reindex to at least 7.0, because 6.x emulation is deprecated and will be removed in 8.0
2020-04-23 10:04:31.874 WARN  (coreLoadExecutor-9-thread-1) [   x:tweets] o.a.s.s.FieldTypePluginLoader TokenizerFactory is using deprecated 5.0.0 emulation. You should at some point declare and reindex to at least 7.0, because 6.x emulation is deprecated and will be removed in 8.0
2020-04-23 10:04:31.874 WARN  (coreLoadExecutor-9-thread-1) [   x:tweets] o.a.s.s.FieldTypePluginLoader TokenFilterFactory is using deprecated 5.0.0 emulation. You should at some point declare and reindex to at least 7.0, because 6.x emulation is deprecated and will be removed in 8.0
2020-04-23 10:04:31.874 WARN  (coreLoadExecutor-9-thread-1) [   x:tweets] o.a.s.s.FieldTypePluginLoader TokenFilterFactory is using deprecated 5.0.0 emulation. You should at some point declare and reindex to at least 7.0, because 6.x emulation is deprecated and will be removed in 8.0
2020-04-23 10:04:31.875 WARN  (coreLoadExecutor-9-thread-1) [   x:tweets] o.a.s.s.FieldTypePluginLoader TokenFilterFactory is using deprecated 5.0.0 emulation. You should at some point declare and reindex to at least 7.0, because 6.x emulation is deprecated and will be removed in 8.0
2020-04-23 10:04:31.875 WARN  (coreLoadExecutor-9-thread-1) [   x:tweets] o.a.s.s.FieldTypePluginLoader TokenFilterFactory is using deprecated 5.0.0 emulation. You should at some point declare and reindex to at least 7.0, because 6.x emulation is deprecated and will be removed in 8.0
2020-04-23 10:04:31.875 WARN  (coreLoadExecutor-9-thread-1) [   x:tweets] o.a.s.s.FieldTypePluginLoader TokenFilterFactory is using deprecated 5.0.0 emulation. You should at some point declare and reindex to at least 7.0, because 6.x emulation is deprecated and will be removed in 8.0
2020-04-23 10:04:31.875 WARN  (coreLoadExecutor-9-thread-1) [   x:tweets] o.a.s.s.FieldTypePluginLoader TokenizerFactory is using deprecated 5.0.0 emulation. You should at some point declare and reindex to at least 7.0, because 6.x emulation is deprecated and will be removed in 8.0
2020-04-23 10:04:31.875 WARN  (coreLoadExecutor-9-thread-1) [   x:tweets] o.a.s.s.FieldTypePluginLoader TokenFilterFactory is using deprecated 5.0.0 emulation. You should at some point declare and reindex to at least 7.0, because 6.x emulation is deprecated and will be removed in 8.0
2020-04-23 10:04:31.875 WARN  (coreLoadExecutor-9-thread-1) [   x:tweets] o.a.s.s.FieldTypePluginLoader TokenFilterFactory is using deprecated 5.0.0 emulation. You should at some point declare and reindex to at least 7.0, because 6.x emulation is deprecated and will be removed in 8.0
2020-04-23 10:04:31.875 WARN  (coreLoadExecutor-9-thread-1) [   x:tweets] o.a.s.s.FieldTypePluginLoader TokenFilterFactory is using deprecated 5.0.0 emulation. You should at some point declare and reindex to at least 7.0, because 6.x emulation is deprecated and will be removed in 8.0
2020-04-23 10:04:31.875 WARN  (coreLoadExecutor-9-thread-1) [   x:tweets] o.a.s.s.FieldTypePluginLoader TokenFilterFactory is using deprecated 5.0.0 emulation. You should at some point declare and reindex to at least 7.0, because 6.x emulation is deprecated and will be removed in 8.0
2020-04-23 10:04:31.875 WARN  (coreLoadExecutor-9-thread-1) [   x:tweets] o.a.s.s.FieldTypePluginLoader TokenFilterFactory is using deprecated 5.0.0 emulation. You should at some point declare and reindex to at least 7.0, because 6.x emulation is deprecated and will be removed in 8.0
2020-04-23 10:04:31.875 WARN  (coreLoadExecutor-9-thread-1) [   x:tweets] o.a.s.s.FieldTypePluginLoader TokenFilterFactory is using deprecated 5.0.0 emulation. You should at some point declare and reindex to at least 7.0, because 6.x emulation is deprecated and will be removed in 8.0
2020-04-23 10:04:31.875 WARN  (coreLoadExecutor-9-thread-1) [   x:tweets] o.a.s.s.FieldTypePluginLoader TokenFilterFactory is using deprecated 5.0.0 emulation. You should at some point declare and reindex to at least 7.0, because 6.x emulation is deprecated and will be removed in 8.0
2020-04-23 10:04:31.875 WARN  (coreLoadExecutor-9-thread-1) [   x:tweets] o.a.s.s.FieldTypePluginLoader TokenizerFactory is using deprecated 5.0.0 emulation. You should at some point declare and reindex to at least 7.0, because 6.x emulation is deprecated and will be removed in 8.0
2020-04-23 10:04:31.875 WARN  (coreLoadExecutor-9-thread-1) [   x:tweets] o.a.s.s.FieldTypePluginLoader TokenFilterFactory is using deprecated 5.0.0 emulation. You should at some point declare and reindex to at least 7.0, because 6.x emulation is deprecated and will be removed in 8.0
2020-04-23 10:04:31.875 WARN  (coreLoadExecutor-9-thread-1) [   x:tweets] o.a.s.s.FieldTypePluginLoader TokenFilterFactory is using deprecated 5.0.0 emulation. You should at some point declare and reindex to at least 7.0, because 6.x emulation is deprecated and will be removed in 8.0
2020-04-23 10:04:31.875 WARN  (coreLoadExecutor-9-thread-1) [   x:tweets] o.a.s.s.FieldTypePluginLoader TokenFilterFactory is using deprecated 5.0.0 emulation. You should at some point declare and reindex to at least 7.0, because 6.x emulation is deprecated and will be removed in 8.0
2020-04-23 10:04:31.893 WARN  (coreLoadExecutor-9-thread-1) [   x:tweets] o.a.s.s.FieldTypePluginLoader TokenizerFactory is using deprecated 5.0.0 emulation. You should at some point declare and reindex to at least 7.0, because 6.x emulation is deprecated and will be removed in 8.0
2020-04-23 10:04:31.893 WARN  (coreLoadExecutor-9-thread-1) [   x:tweets] o.a.s.s.FieldTypePluginLoader TokenFilterFactory is using deprecated 5.0.0 emulation. You should at some point declare and reindex to at least 7.0, because 6.x emulation is deprecated and will be removed in 8.0
2020-04-23 10:04:31.893 WARN  (coreLoadExecutor-9-thread-1) [   x:tweets] o.a.s.s.FieldTypePluginLoader TokenFilterFactory is using deprecated 5.0.0 emulation. You should at some point declare and reindex to at least 7.0, because 6.x emulation is deprecated and will be removed in 8.0
2020-04-23 10:04:31.893 WARN  (coreLoadExecutor-9-thread-1) [   x:tweets] o.a.s.s.FieldTypePluginLoader TokenFilterFactory is using deprecated 5.0.0 emulation. You should at some point declare and reindex to at least 7.0, because 6.x emulation is deprecated and will be removed in 8.0
2020-04-23 10:04:31.893 WARN  (coreLoadExecutor-9-thread-1) [   x:tweets] o.a.s.s.FieldTypePluginLoader CharFilterFactory is using deprecated 5.0.0 emulation. You should at some point declare and reindex to at least 7.0, because 6.x emulation is deprecated and will be removed in 8.0
2020-04-23 10:04:31.893 WARN  (coreLoadExecutor-9-thread-1) [   x:tweets] o.a.s.s.FieldTypePluginLoader TokenizerFactory is using deprecated 5.0.0 emulation. You should at some point declare and reindex to at least 7.0, because 6.x emulation is deprecated and will be removed in 8.0
2020-04-23 10:04:31.893 WARN  (coreLoadExecutor-9-thread-1) [   x:tweets] o.a.s.s.FieldTypePluginLoader TokenFilterFactory is using deprecated 5.0.0 emulation. You should at some point declare and reindex to at least 7.0, because 6.x emulation is deprecated and will be removed in 8.0
2020-04-23 10:04:31.893 WARN  (coreLoadExecutor-9-thread-1) [   x:tweets] o.a.s.s.FieldTypePluginLoader TokenFilterFactory is using deprecated 5.0.0 emulation. You should at some point declare and reindex to at least 7.0, because 6.x emulation is deprecated and will be removed in 8.0
2020-04-23 10:04:31.893 WARN  (coreLoadExecutor-9-thread-1) [   x:tweets] o.a.s.s.FieldTypePluginLoader TokenFilterFactory is using deprecated 5.0.0 emulation. You should at some point declare and reindex to at least 7.0, because 6.x emulation is deprecated and will be removed in 8.0
2020-04-23 10:04:31.893 WARN  (coreLoadExecutor-9-thread-1) [   x:tweets] o.a.s.s.FieldTypePluginLoader TokenFilterFactory is using deprecated 5.0.0 emulation. You should at some point declare and reindex to at least 7.0, because 6.x emulation is deprecated and will be removed in 8.0
2020-04-23 10:04:31.906 WARN  (coreLoadExecutor-9-thread-1) [   x:tweets] o.a.s.s.FieldTypePluginLoader TokenizerFactory is using deprecated 5.0.0 emulation. You should at some point declare and reindex to at least 7.0, because 6.x emulation is deprecated and will be removed in 8.0
2020-04-23 10:04:31.906 WARN  (coreLoadExecutor-9-thread-1) [   x:tweets] o.a.s.s.FieldTypePluginLoader TokenFilterFactory is using deprecated 5.0.0 emulation. You should at some point declare and reindex to at least 7.0, because 6.x emulation is deprecated and will be removed in 8.0
2020-04-23 10:04:31.906 WARN  (coreLoadExecutor-9-thread-1) [   x:tweets] o.a.s.s.FieldTypePluginLoader TokenFilterFactory is using deprecated 5.0.0 emulation. You should at some point declare and reindex to at least 7.0, because 6.x emulation is deprecated and will be removed in 8.0
2020-04-23 10:04:31.906 WARN  (coreLoadExecutor-9-thread-1) [   x:tweets] o.a.s.s.FieldTypePluginLoader TokenFilterFactory is using deprecated 5.0.0 emulation. You should at some point declare and reindex to at least 7.0, because 6.x emulation is deprecated and will be removed in 8.0
2020-04-23 10:04:31.914 WARN  (coreLoadExecutor-9-thread-1) [   x:tweets] o.a.s.s.FieldTypePluginLoader TokenizerFactory is using deprecated 5.0.0 emulation. You should at some point declare and reindex to at least 7.0, because 6.x emulation is deprecated and will be removed in 8.0
2020-04-23 10:04:31.915 WARN  (coreLoadExecutor-9-thread-1) [   x:tweets] o.a.s.s.FieldTypePluginLoader TokenFilterFactory is using deprecated 5.0.0 emulation. You should at some point declare and reindex to at least 7.0, because 6.x emulation is deprecated and will be removed in 8.0
2020-04-23 10:04:31.915 WARN  (coreLoadExecutor-9-thread-1) [   x:tweets] o.a.s.s.FieldTypePluginLoader TokenFilterFactory is using deprecated 5.0.0 emulation. You should at some point declare and reindex to at least 7.0, because 6.x emulation is deprecated and will be removed in 8.0
2020-04-23 10:04:31.915 WARN  (coreLoadExecutor-9-thread-1) [   x:tweets] o.a.s.s.FieldTypePluginLoader TokenFilterFactory is using deprecated 5.0.0 emulation. You should at some point declare and reindex to at least 7.0, because 6.x emulation is deprecated and will be removed in 8.0
2020-04-23 10:04:31.915 WARN  (coreLoadExecutor-9-thread-1) [   x:tweets] o.a.s.s.FieldTypePluginLoader TokenFilterFactory is using deprecated 5.0.0 emulation. You should at some point declare and reindex to at least 7.0, because 6.x emulation is deprecated and will be removed in 8.0
2020-04-23 10:04:31.919 WARN  (coreLoadExecutor-9-thread-1) [   x:tweets] o.a.s.s.FieldTypePluginLoader TokenizerFactory is using deprecated 5.0.0 emulation. You should at some point declare and reindex to at least 7.0, because 6.x emulation is deprecated and will be removed in 8.0
2020-04-23 10:04:31.919 WARN  (coreLoadExecutor-9-thread-1) [   x:tweets] o.a.s.s.FieldTypePluginLoader TokenFilterFactory is using deprecated 5.0.0 emulation. You should at some point declare and reindex to at least 7.0, because 6.x emulation is deprecated and will be removed in 8.0
2020-04-23 10:04:31.919 WARN  (coreLoadExecutor-9-thread-1) [   x:tweets] o.a.s.s.FieldTypePluginLoader TokenFilterFactory is using deprecated 5.0.0 emulation. You should at some point declare and reindex to at least 7.0, because 6.x emulation is deprecated and will be removed in 8.0
2020-04-23 10:04:31.919 WARN  (coreLoadExecutor-9-thread-1) [   x:tweets] o.a.s.s.FieldTypePluginLoader TokenFilterFactory is using deprecated 5.0.0 emulation. You should at some point declare and reindex to at least 7.0, because 6.x emulation is deprecated and will be removed in 8.0
2020-04-23 10:04:31.919 WARN  (coreLoadExecutor-9-thread-1) [   x:tweets] o.a.s.s.FieldTypePluginLoader TokenFilterFactory is using deprecated 5.0.0 emulation. You should at some point declare and reindex to at least 7.0, because 6.x emulation is deprecated and will be removed in 8.0
2020-04-23 10:04:31.919 WARN  (coreLoadExecutor-9-thread-1) [   x:tweets] o.a.s.s.FieldTypePluginLoader TokenFilterFactory is using deprecated 5.0.0 emulation. You should at some point declare and reindex to at least 7.0, because 6.x emulation is deprecated and will be removed in 8.0
2020-04-23 10:04:31.919 WARN  (coreLoadExecutor-9-thread-1) [   x:tweets] o.a.s.s.FieldTypePluginLoader TokenizerFactory is using deprecated 5.0.0 emulation. You should at some point declare and reindex to at least 7.0, because 6.x emulation is deprecated and will be removed in 8.0
2020-04-23 10:04:31.919 WARN  (coreLoadExecutor-9-thread-1) [   x:tweets] o.a.s.s.FieldTypePluginLoader TokenFilterFactory is using deprecated 5.0.0 emulation. You should at some point declare and reindex to at least 7.0, because 6.x emulation is deprecated and will be removed in 8.0
2020-04-23 10:04:31.919 WARN  (coreLoadExecutor-9-thread-1) [   x:tweets] o.a.s.s.FieldTypePluginLoader TokenFilterFactory is using deprecated 5.0.0 emulation. You should at some point declare and reindex to at least 7.0, because 6.x emulation is deprecated and will be removed in 8.0
2020-04-23 10:04:31.919 WARN  (coreLoadExecutor-9-thread-1) [   x:tweets] o.a.s.s.FieldTypePluginLoader TokenFilterFactory is using deprecated 5.0.0 emulation. You should at some point declare and reindex to at least 7.0, because 6.x emulation is deprecated and will be removed in 8.0
2020-04-23 10:04:31.919 WARN  (coreLoadExecutor-9-thread-1) [   x:tweets] o.a.s.s.FieldTypePluginLoader TokenizerFactory is using deprecated 5.0.0 emulation. You should at some point declare and reindex to at least 7.0, because 6.x emulation is deprecated and will be removed in 8.0
2020-04-23 10:04:31.919 WARN  (coreLoadExecutor-9-thread-1) [   x:tweets] o.a.s.s.FieldTypePluginLoader TokenFilterFactory is using deprecated 5.0.0 emulation. You should at some point declare and reindex to at least 7.0, because 6.x emulation is deprecated and will be removed in 8.0
2020-04-23 10:04:31.919 WARN  (coreLoadExecutor-9-thread-1) [   x:tweets] o.a.s.s.FieldTypePluginLoader TokenFilterFactory is using deprecated 5.0.0 emulation. You should at some point declare and reindex to at least 7.0, because 6.x emulation is deprecated and will be removed in 8.0
2020-04-23 10:04:31.936 WARN  (coreLoadExecutor-9-thread-1) [   x:tweets] o.a.s.s.FieldTypePluginLoader TokenizerFactory is using deprecated 5.0.0 emulation. You should at some point declare and reindex to at least 7.0, because 6.x emulation is deprecated and will be removed in 8.0
2020-04-23 10:04:31.936 WARN  (coreLoadExecutor-9-thread-1) [   x:tweets] o.a.s.s.FieldTypePluginLoader TokenFilterFactory is using deprecated 5.0.0 emulation. You should at some point declare and reindex to at least 7.0, because 6.x emulation is deprecated and will be removed in 8.0
2020-04-23 10:04:31.937 WARN  (coreLoadExecutor-9-thread-1) [   x:tweets] o.a.s.s.FieldTypePluginLoader TokenFilterFactory is using deprecated 5.0.0 emulation. You should at some point declare and reindex to at least 7.0, because 6.x emulation is deprecated and will be removed in 8.0
2020-04-23 10:04:31.938 WARN  (coreLoadExecutor-9-thread-1) [   x:tweets] o.a.s.s.FieldTypePluginLoader TokenFilterFactory is using deprecated 5.0.0 emulation. You should at some point declare and reindex to at least 7.0, because 6.x emulation is deprecated and will be removed in 8.0
2020-04-23 10:04:31.941 WARN  (coreLoadExecutor-9-thread-1) [   x:tweets] o.a.s.s.FieldTypePluginLoader TokenizerFactory is using deprecated 5.0.0 emulation. You should at some point declare and reindex to at least 7.0, because 6.x emulation is deprecated and will be removed in 8.0
2020-04-23 10:04:31.941 WARN  (coreLoadExecutor-9-thread-1) [   x:tweets] o.a.s.s.FieldTypePluginLoader TokenFilterFactory is using deprecated 5.0.0 emulation. You should at some point declare and reindex to at least 7.0, because 6.x emulation is deprecated and will be removed in 8.0
2020-04-23 10:04:31.942 WARN  (coreLoadExecutor-9-thread-1) [   x:tweets] o.a.s.s.FieldTypePluginLoader TokenFilterFactory is using deprecated 5.0.0 emulation. You should at some point declare and reindex to at least 7.0, because 6.x emulation is deprecated and will be removed in 8.0
2020-04-23 10:04:31.942 WARN  (coreLoadExecutor-9-thread-1) [   x:tweets] o.a.s.s.FieldTypePluginLoader TokenFilterFactory is using deprecated 5.0.0 emulation. You should at some point declare and reindex to at least 7.0, because 6.x emulation is deprecated and will be removed in 8.0
2020-04-23 10:04:31.953 WARN  (coreLoadExecutor-9-thread-1) [   x:tweets] o.a.s.s.FieldTypePluginLoader TokenizerFactory is using deprecated 5.0.0 emulation. You should at some point declare and reindex to at least 7.0, because 6.x emulation is deprecated and will be removed in 8.0
2020-04-23 10:04:31.953 WARN  (coreLoadExecutor-9-thread-1) [   x:tweets] o.a.s.s.FieldTypePluginLoader TokenFilterFactory is using deprecated 5.0.0 emulation. You should at some point declare and reindex to at least 7.0, because 6.x emulation is deprecated and will be removed in 8.0
2020-04-23 10:04:31.953 WARN  (coreLoadExecutor-9-thread-1) [   x:tweets] o.a.s.s.FieldTypePluginLoader TokenFilterFactory is using deprecated 5.0.0 emulation. You should at some point declare and reindex to at least 7.0, because 6.x emulation is deprecated and will be removed in 8.0
2020-04-23 10:04:31.953 WARN  (coreLoadExecutor-9-thread-1) [   x:tweets] o.a.s.s.FieldTypePluginLoader TokenFilterFactory is using deprecated 5.0.0 emulation. You should at some point declare and reindex to at least 7.0, because 6.x emulation is deprecated and will be removed in 8.0
2020-04-23 10:04:31.957 WARN  (coreLoadExecutor-9-thread-1) [   x:tweets] o.a.s.s.FieldTypePluginLoader TokenizerFactory is using deprecated 5.0.0 emulation. You should at some point declare and reindex to at least 7.0, because 6.x emulation is deprecated and will be removed in 8.0
2020-04-23 10:04:31.960 WARN  (coreLoadExecutor-9-thread-1) [   x:tweets] o.a.s.s.FieldTypePluginLoader TokenFilterFactory is using deprecated 5.0.0 emulation. You should at some point declare and reindex to at least 7.0, because 6.x emulation is deprecated and will be removed in 8.0
2020-04-23 10:04:31.960 WARN  (coreLoadExecutor-9-thread-1) [   x:tweets] o.a.s.s.FieldTypePluginLoader TokenFilterFactory is using deprecated 5.0.0 emulation. You should at some point declare and reindex to at least 7.0, because 6.x emulation is deprecated and will be removed in 8.0
2020-04-23 10:04:31.960 WARN  (coreLoadExecutor-9-thread-1) [   x:tweets] o.a.s.s.FieldTypePluginLoader TokenFilterFactory is using deprecated 5.0.0 emulation. You should at some point declare and reindex to at least 7.0, because 6.x emulation is deprecated and will be removed in 8.0
2020-04-23 10:04:31.961 WARN  (coreLoadExecutor-9-thread-1) [   x:tweets] o.a.s.s.FieldTypePluginLoader TokenFilterFactory is using deprecated 5.0.0 emulation. You should at some point declare and reindex to at least 7.0, because 6.x emulation is deprecated and will be removed in 8.0
2020-04-23 10:04:31.961 WARN  (coreLoadExecutor-9-thread-1) [   x:tweets] o.a.s.s.FieldTypePluginLoader TokenFilterFactory is using deprecated 5.0.0 emulation. You should at some point declare and reindex to at least 7.0, because 6.x emulation is deprecated and will be removed in 8.0
2020-04-23 10:04:31.968 WARN  (coreLoadExecutor-9-thread-1) [   x:tweets] o.a.s.s.FieldTypePluginLoader TokenizerFactory is using deprecated 5.0.0 emulation. You should at some point declare and reindex to at least 7.0, because 6.x emulation is deprecated and will be removed in 8.0
2020-04-23 10:04:31.968 WARN  (coreLoadExecutor-9-thread-1) [   x:tweets] o.a.s.s.FieldTypePluginLoader TokenFilterFactory is using deprecated 5.0.0 emulation. You should at some point declare and reindex to at least 7.0, because 6.x emulation is deprecated and will be removed in 8.0
2020-04-23 10:04:31.969 WARN  (coreLoadExecutor-9-thread-1) [   x:tweets] o.a.s.s.FieldTypePluginLoader TokenFilterFactory is using deprecated 5.0.0 emulation. You should at some point declare and reindex to at least 7.0, because 6.x emulation is deprecated and will be removed in 8.0
2020-04-23 10:04:31.969 WARN  (coreLoadExecutor-9-thread-1) [   x:tweets] o.a.s.s.FieldTypePluginLoader TokenFilterFactory is using deprecated 5.0.0 emulation. You should at some point declare and reindex to at least 7.0, because 6.x emulation is deprecated and will be removed in 8.0
2020-04-23 10:04:31.974 WARN  (coreLoadExecutor-9-thread-1) [   x:tweets] o.a.s.s.FieldTypePluginLoader TokenizerFactory is using deprecated 5.0.0 emulation. You should at some point declare and reindex to at least 7.0, because 6.x emulation is deprecated and will be removed in 8.0
2020-04-23 10:04:31.975 WARN  (coreLoadExecutor-9-thread-1) [   x:tweets] o.a.s.s.FieldTypePluginLoader TokenFilterFactory is using deprecated 5.0.0 emulation. You should at some point declare and reindex to at least 7.0, because 6.x emulation is deprecated and will be removed in 8.0
2020-04-23 10:04:31.975 WARN  (coreLoadExecutor-9-thread-1) [   x:tweets] o.a.s.s.FieldTypePluginLoader TokenFilterFactory is using deprecated 5.0.0 emulation. You should at some point declare and reindex to at least 7.0, because 6.x emulation is deprecated and will be removed in 8.0
2020-04-23 10:04:31.975 WARN  (coreLoadExecutor-9-thread-1) [   x:tweets] o.a.s.s.FieldTypePluginLoader TokenFilterFactory is using deprecated 5.0.0 emulation. You should at some point declare and reindex to at least 7.0, because 6.x emulation is deprecated and will be removed in 8.0
2020-04-23 10:04:31.982 WARN  (coreLoadExecutor-9-thread-1) [   x:tweets] o.a.s.s.FieldTypePluginLoader TokenizerFactory is using deprecated 5.0.0 emulation. You should at some point declare and reindex to at least 7.0, because 6.x emulation is deprecated and will be removed in 8.0
2020-04-23 10:04:31.982 WARN  (coreLoadExecutor-9-thread-1) [   x:tweets] o.a.s.s.FieldTypePluginLoader TokenFilterFactory is using deprecated 5.0.0 emulation. You should at some point declare and reindex to at least 7.0, because 6.x emulation is deprecated and will be removed in 8.0
2020-04-23 10:04:31.982 WARN  (coreLoadExecutor-9-thread-1) [   x:tweets] o.a.s.s.FieldTypePluginLoader TokenFilterFactory is using deprecated 5.0.0 emulation. You should at some point declare and reindex to at least 7.0, because 6.x emulation is deprecated and will be removed in 8.0
2020-04-23 10:04:31.982 WARN  (coreLoadExecutor-9-thread-1) [   x:tweets] o.a.s.s.FieldTypePluginLoader TokenFilterFactory is using deprecated 5.0.0 emulation. You should at some point declare and reindex to at least 7.0, because 6.x emulation is deprecated and will be removed in 8.0
2020-04-23 10:04:31.990 WARN  (coreLoadExecutor-9-thread-1) [   x:tweets] o.a.s.s.FieldTypePluginLoader TokenizerFactory is using deprecated 5.0.0 emulation. You should at some point declare and reindex to at least 7.0, because 6.x emulation is deprecated and will be removed in 8.0
2020-04-23 10:04:31.990 WARN  (coreLoadExecutor-9-thread-1) [   x:tweets] o.a.s.s.FieldTypePluginLoader TokenFilterFactory is using deprecated 5.0.0 emulation. You should at some point declare and reindex to at least 7.0, because 6.x emulation is deprecated and will be removed in 8.0
2020-04-23 10:04:31.990 WARN  (coreLoadExecutor-9-thread-1) [   x:tweets] o.a.s.s.FieldTypePluginLoader TokenFilterFactory is using deprecated 5.0.0 emulation. You should at some point declare and reindex to at least 7.0, because 6.x emulation is deprecated and will be removed in 8.0
2020-04-23 10:04:31.990 WARN  (coreLoadExecutor-9-thread-1) [   x:tweets] o.a.s.s.FieldTypePluginLoader TokenFilterFactory is using deprecated 5.0.0 emulation. You should at some point declare and reindex to at least 7.0, because 6.x emulation is deprecated and will be removed in 8.0
2020-04-23 10:04:31.990 WARN  (coreLoadExecutor-9-thread-1) [   x:tweets] o.a.s.s.FieldTypePluginLoader TokenFilterFactory is using deprecated 5.0.0 emulation. You should at some point declare and reindex to at least 7.0, because 6.x emulation is deprecated and will be removed in 8.0
2020-04-23 10:04:31.997 WARN  (coreLoadExecutor-9-thread-1) [   x:tweets] o.a.s.s.FieldTypePluginLoader TokenizerFactory is using deprecated 5.0.0 emulation. You should at some point declare and reindex to at least 7.0, because 6.x emulation is deprecated and will be removed in 8.0
2020-04-23 10:04:32.018 WARN  (coreLoadExecutor-9-thread-1) [   x:tweets] o.a.s.s.FieldTypePluginLoader TokenFilterFactory is using deprecated 5.0.0 emulation. You should at some point declare and reindex to at least 7.0, because 6.x emulation is deprecated and will be removed in 8.0
2020-04-23 10:04:32.020 WARN  (coreLoadExecutor-9-thread-1) [   x:tweets] o.a.s.s.FieldTypePluginLoader TokenFilterFactory is using deprecated 5.0.0 emulation. You should at some point declare and reindex to at least 7.0, because 6.x emulation is deprecated and will be removed in 8.0
2020-04-23 10:04:32.020 WARN  (coreLoadExecutor-9-thread-1) [   x:tweets] o.a.s.s.FieldTypePluginLoader TokenFilterFactory is using deprecated 5.0.0 emulation. You should at some point declare and reindex to at least 7.0, because 6.x emulation is deprecated and will be removed in 8.0
2020-04-23 10:04:32.021 WARN  (coreLoadExecutor-9-thread-1) [   x:tweets] o.a.s.s.FieldTypePluginLoader TokenFilterFactory is using deprecated 5.0.0 emulation. You should at some point declare and reindex to at least 7.0, because 6.x emulation is deprecated and will be removed in 8.0
2020-04-23 10:04:32.021 WARN  (coreLoadExecutor-9-thread-1) [   x:tweets] o.a.s.s.FieldTypePluginLoader TokenFilterFactory is using deprecated 5.0.0 emulation. You should at some point declare and reindex to at least 7.0, because 6.x emulation is deprecated and will be removed in 8.0
2020-04-23 10:04:32.021 WARN  (coreLoadExecutor-9-thread-1) [   x:tweets] o.a.s.s.FieldTypePluginLoader TokenFilterFactory is using deprecated 5.0.0 emulation. You should at some point declare and reindex to at least 7.0, because 6.x emulation is deprecated and will be removed in 8.0
2020-04-23 10:04:32.025 WARN  (coreLoadExecutor-9-thread-1) [   x:tweets] o.a.s.s.FieldTypePluginLoader TokenizerFactory is using deprecated 5.0.0 emulation. You should at some point declare and reindex to at least 7.0, because 6.x emulation is deprecated and will be removed in 8.0
2020-04-23 10:04:32.025 WARN  (coreLoadExecutor-9-thread-1) [   x:tweets] o.a.s.s.FieldTypePluginLoader TokenFilterFactory is using deprecated 5.0.0 emulation. You should at some point declare and reindex to at least 7.0, because 6.x emulation is deprecated and will be removed in 8.0
2020-04-23 10:04:32.025 WARN  (coreLoadExecutor-9-thread-1) [   x:tweets] o.a.s.s.FieldTypePluginLoader TokenFilterFactory is using deprecated 5.0.0 emulation. You should at some point declare and reindex to at least 7.0, because 6.x emulation is deprecated and will be removed in 8.0
2020-04-23 10:04:32.025 WARN  (coreLoadExecutor-9-thread-1) [   x:tweets] o.a.s.s.FieldTypePluginLoader TokenFilterFactory is using deprecated 5.0.0 emulation. You should at some point declare and reindex to at least 7.0, because 6.x emulation is deprecated and will be removed in 8.0
2020-04-23 10:04:32.032 WARN  (coreLoadExecutor-9-thread-1) [   x:tweets] o.a.s.s.FieldTypePluginLoader TokenizerFactory is using deprecated 5.0.0 emulation. You should at some point declare and reindex to at least 7.0, because 6.x emulation is deprecated and will be removed in 8.0
2020-04-23 10:04:32.032 WARN  (coreLoadExecutor-9-thread-1) [   x:tweets] o.a.s.s.FieldTypePluginLoader TokenFilterFactory is using deprecated 5.0.0 emulation. You should at some point declare and reindex to at least 7.0, because 6.x emulation is deprecated and will be removed in 8.0
2020-04-23 10:04:32.032 WARN  (coreLoadExecutor-9-thread-1) [   x:tweets] o.a.s.s.FieldTypePluginLoader TokenFilterFactory is using deprecated 5.0.0 emulation. You should at some point declare and reindex to at least 7.0, because 6.x emulation is deprecated and will be removed in 8.0
2020-04-23 10:04:32.032 WARN  (coreLoadExecutor-9-thread-1) [   x:tweets] o.a.s.s.FieldTypePluginLoader TokenFilterFactory is using deprecated 5.0.0 emulation. You should at some point declare and reindex to at least 7.0, because 6.x emulation is deprecated and will be removed in 8.0
2020-04-23 10:04:32.032 WARN  (coreLoadExecutor-9-thread-1) [   x:tweets] o.a.s.s.FieldTypePluginLoader TokenFilterFactory is using deprecated 5.0.0 emulation. You should at some point declare and reindex to at least 7.0, because 6.x emulation is deprecated and will be removed in 8.0
2020-04-23 10:04:32.045 WARN  (coreLoadExecutor-9-thread-1) [   x:tweets] o.a.s.s.FieldTypePluginLoader TokenizerFactory is using deprecated 5.0.0 emulation. You should at some point declare and reindex to at least 7.0, because 6.x emulation is deprecated and will be removed in 8.0
2020-04-23 10:04:32.045 WARN  (coreLoadExecutor-9-thread-1) [   x:tweets] o.a.s.s.FieldTypePluginLoader TokenFilterFactory is using deprecated 5.0.0 emulation. You should at some point declare and reindex to at least 7.0, because 6.x emulation is deprecated and will be removed in 8.0
2020-04-23 10:04:32.045 WARN  (coreLoadExecutor-9-thread-1) [   x:tweets] o.a.s.s.FieldTypePluginLoader TokenFilterFactory is using deprecated 5.0.0 emulation. You should at some point declare and reindex to at least 7.0, because 6.x emulation is deprecated and will be removed in 8.0
2020-04-23 10:04:32.045 WARN  (coreLoadExecutor-9-thread-1) [   x:tweets] o.a.s.s.FieldTypePluginLoader TokenFilterFactory is using deprecated 5.0.0 emulation. You should at some point declare and reindex to at least 7.0, because 6.x emulation is deprecated and will be removed in 8.0
2020-04-23 10:04:32.056 WARN  (coreLoadExecutor-9-thread-1) [   x:tweets] o.a.s.s.FieldTypePluginLoader TokenizerFactory is using deprecated 5.0.0 emulation. You should at some point declare and reindex to at least 7.0, because 6.x emulation is deprecated and will be removed in 8.0
2020-04-23 10:04:32.056 WARN  (coreLoadExecutor-9-thread-1) [   x:tweets] o.a.s.s.FieldTypePluginLoader TokenFilterFactory is using deprecated 5.0.0 emulation. You should at some point declare and reindex to at least 7.0, because 6.x emulation is deprecated and will be removed in 8.0
2020-04-23 10:04:32.056 WARN  (coreLoadExecutor-9-thread-1) [   x:tweets] o.a.s.s.FieldTypePluginLoader TokenFilterFactory is using deprecated 5.0.0 emulation. You should at some point declare and reindex to at least 7.0, because 6.x emulation is deprecated and will be removed in 8.0
2020-04-23 10:04:32.056 WARN  (coreLoadExecutor-9-thread-1) [   x:tweets] o.a.s.s.FieldTypePluginLoader TokenFilterFactory is using deprecated 5.0.0 emulation. You should at some point declare and reindex to at least 7.0, because 6.x emulation is deprecated and will be removed in 8.0
2020-04-23 10:04:32.065 WARN  (coreLoadExecutor-9-thread-1) [   x:tweets] o.a.s.s.FieldTypePluginLoader TokenizerFactory is using deprecated 5.0.0 emulation. You should at some point declare and reindex to at least 7.0, because 6.x emulation is deprecated and will be removed in 8.0
2020-04-23 10:04:32.065 WARN  (coreLoadExecutor-9-thread-1) [   x:tweets] o.a.s.s.FieldTypePluginLoader TokenFilterFactory is using deprecated 5.0.0 emulation. You should at some point declare and reindex to at least 7.0, because 6.x emulation is deprecated and will be removed in 8.0
2020-04-23 10:04:32.065 WARN  (coreLoadExecutor-9-thread-1) [   x:tweets] o.a.s.s.FieldTypePluginLoader TokenFilterFactory is using deprecated 5.0.0 emulation. You should at some point declare and reindex to at least 7.0, because 6.x emulation is deprecated and will be removed in 8.0
2020-04-23 10:04:32.066 WARN  (coreLoadExecutor-9-thread-1) [   x:tweets] o.a.s.s.FieldTypePluginLoader TokenFilterFactory is using deprecated 5.0.0 emulation. You should at some point declare and reindex to at least 7.0, because 6.x emulation is deprecated and will be removed in 8.0
2020-04-23 10:04:32.072 WARN  (coreLoadExecutor-9-thread-1) [   x:tweets] o.a.s.s.FieldTypePluginLoader TokenizerFactory is using deprecated 5.0.0 emulation. You should at some point declare and reindex to at least 7.0, because 6.x emulation is deprecated and will be removed in 8.0
2020-04-23 10:04:32.072 WARN  (coreLoadExecutor-9-thread-1) [   x:tweets] o.a.s.s.FieldTypePluginLoader TokenFilterFactory is using deprecated 5.0.0 emulation. You should at some point declare and reindex to at least 7.0, because 6.x emulation is deprecated and will be removed in 8.0
2020-04-23 10:04:32.072 WARN  (coreLoadExecutor-9-thread-1) [   x:tweets] o.a.s.s.FieldTypePluginLoader TokenFilterFactory is using deprecated 5.0.0 emulation. You should at some point declare and reindex to at least 7.0, because 6.x emulation is deprecated and will be removed in 8.0
2020-04-23 10:04:32.072 WARN  (coreLoadExecutor-9-thread-1) [   x:tweets] o.a.s.s.FieldTypePluginLoader TokenFilterFactory is using deprecated 5.0.0 emulation. You should at some point declare and reindex to at least 7.0, because 6.x emulation is deprecated and will be removed in 8.0
2020-04-23 10:04:32.079 WARN  (coreLoadExecutor-9-thread-1) [   x:tweets] o.a.s.s.FieldTypePluginLoader TokenizerFactory is using deprecated 5.0.0 emulation. You should at some point declare and reindex to at least 7.0, because 6.x emulation is deprecated and will be removed in 8.0
2020-04-23 10:04:32.080 WARN  (coreLoadExecutor-9-thread-1) [   x:tweets] o.a.s.s.FieldTypePluginLoader TokenFilterFactory is using deprecated 5.0.0 emulation. You should at some point declare and reindex to at least 7.0, because 6.x emulation is deprecated and will be removed in 8.0
2020-04-23 10:04:32.080 WARN  (coreLoadExecutor-9-thread-1) [   x:tweets] o.a.s.s.FieldTypePluginLoader TokenFilterFactory is using deprecated 5.0.0 emulation. You should at some point declare and reindex to at least 7.0, because 6.x emulation is deprecated and will be removed in 8.0
2020-04-23 10:04:32.080 WARN  (coreLoadExecutor-9-thread-1) [   x:tweets] o.a.s.s.FieldTypePluginLoader TokenFilterFactory is using deprecated 5.0.0 emulation. You should at some point declare and reindex to at least 7.0, because 6.x emulation is deprecated and will be removed in 8.0
2020-04-23 10:04:32.087 WARN  (coreLoadExecutor-9-thread-1) [   x:tweets] o.a.s.s.FieldTypePluginLoader TokenizerFactory is using deprecated 5.0.0 emulation. You should at some point declare and reindex to at least 7.0, because 6.x emulation is deprecated and will be removed in 8.0
2020-04-23 10:04:32.087 WARN  (coreLoadExecutor-9-thread-1) [   x:tweets] o.a.s.s.FieldTypePluginLoader TokenFilterFactory is using deprecated 5.0.0 emulation. You should at some point declare and reindex to at least 7.0, because 6.x emulation is deprecated and will be removed in 8.0
2020-04-23 10:04:32.087 WARN  (coreLoadExecutor-9-thread-1) [   x:tweets] o.a.s.s.FieldTypePluginLoader TokenFilterFactory is using deprecated 5.0.0 emulation. You should at some point declare and reindex to at least 7.0, because 6.x emulation is deprecated and will be removed in 8.0
2020-04-23 10:04:32.094 WARN  (coreLoadExecutor-9-thread-1) [   x:tweets] o.a.s.s.FieldTypePluginLoader TokenizerFactory is using deprecated 5.0.0 emulation. You should at some point declare and reindex to at least 7.0, because 6.x emulation is deprecated and will be removed in 8.0
2020-04-23 10:04:32.094 WARN  (coreLoadExecutor-9-thread-1) [   x:tweets] o.a.s.s.FieldTypePluginLoader TokenFilterFactory is using deprecated 5.0.0 emulation. You should at some point declare and reindex to at least 7.0, because 6.x emulation is deprecated and will be removed in 8.0
2020-04-23 10:04:32.095 WARN  (coreLoadExecutor-9-thread-1) [   x:tweets] o.a.s.s.FieldTypePluginLoader TokenFilterFactory is using deprecated 5.0.0 emulation. You should at some point declare and reindex to at least 7.0, because 6.x emulation is deprecated and will be removed in 8.0
2020-04-23 10:04:32.095 WARN  (coreLoadExecutor-9-thread-1) [   x:tweets] o.a.s.s.FieldTypePluginLoader TokenFilterFactory is using deprecated 5.0.0 emulation. You should at some point declare and reindex to at least 7.0, because 6.x emulation is deprecated and will be removed in 8.0
2020-04-23 10:04:32.098 WARN  (coreLoadExecutor-9-thread-1) [   x:tweets] o.a.s.s.FieldTypePluginLoader TokenizerFactory is using deprecated 5.0.0 emulation. You should at some point declare and reindex to at least 7.0, because 6.x emulation is deprecated and will be removed in 8.0
2020-04-23 10:04:32.561 INFO  (coreLoadExecutor-9-thread-1) [   x:tweets] o.a.s.s.IndexSchema Loaded schema tweets-schema/1.5 with uniqueid field id
2020-04-23 10:04:32.653 INFO  (coreLoadExecutor-9-thread-1) [   x:tweets] o.a.s.c.CoreContainer Creating SolrCore 'tweets' using configuration from instancedir C:\Users\soham\OneDrive\Desktop\Information Retrieval\CZ4034\solr\server\solr\tweets, trusted=true
2020-04-23 10:04:32.677 INFO  (coreLoadExecutor-9-thread-1) [   x:tweets] o.a.s.m.r.SolrJmxReporter JMX monitoring for 'solr.core.tweets' (registry 'solr.core.tweets') enabled at server: com.sun.jmx.mbeanserver.JmxMBeanServer@14bee915
2020-04-23 10:04:32.725 INFO  (coreLoadExecutor-9-thread-1) [   x:tweets] o.a.s.c.SolrCore [[tweets] ] Opening new SolrCore at [C:\Users\soham\OneDrive\Desktop\Information Retrieval\CZ4034\solr\server\solr\tweets], dataDir=[C:\Users\soham\OneDrive\Desktop\Information Retrieval\CZ4034\solr\server\solr\tweets\data\]
2020-04-23 10:04:32.834 INFO  (coreLoadExecutor-9-thread-1) [   x:tweets] o.a.s.r.XSLTResponseWriter xsltCacheLifetimeSeconds=5
2020-04-23 10:04:38.784 INFO  (coreLoadExecutor-9-thread-1) [   x:tweets] o.a.s.u.UpdateHandler Using UpdateLog implementation: org.apache.solr.update.UpdateLog
2020-04-23 10:04:38.784 INFO  (coreLoadExecutor-9-thread-1) [   x:tweets] o.a.s.u.UpdateLog Initializing UpdateLog: dataDir= defaultSyncLevel=FLUSH numRecordsToKeep=100 maxNumLogsToKeep=10 numVersionBuckets=65536
2020-04-23 10:04:38.849 INFO  (coreLoadExecutor-9-thread-1) [   x:tweets] o.a.s.u.CommitTracker Hard AutoCommit: if uncommitted for 15000ms; 
2020-04-23 10:04:38.849 INFO  (coreLoadExecutor-9-thread-1) [   x:tweets] o.a.s.u.CommitTracker Soft AutoCommit: disabled
2020-04-23 10:04:39.124 INFO  (coreLoadExecutor-9-thread-1) [   x:tweets] o.a.s.s.SolrIndexSearcher Opening [Searcher@5b7a1fdf[tweets] main]
2020-04-23 10:04:39.145 INFO  (coreLoadExecutor-9-thread-1) [   x:tweets] o.a.s.r.ManagedResourceStorage File-based storage initialized to use dir: C:\Users\soham\OneDrive\Desktop\Information Retrieval\CZ4034\solr\server\solr\tweets\conf
2020-04-23 10:04:39.169 INFO  (coreLoadExecutor-9-thread-1) [   x:tweets] o.a.s.r.ManagedResourceStorage Loaded LinkedHashMap at path _rest_managed.json using file:dir=C:\Users\soham\OneDrive\Desktop\Information Retrieval\CZ4034\solr\server\solr\tweets\conf
2020-04-23 10:04:39.169 INFO  (coreLoadExecutor-9-thread-1) [   x:tweets] o.a.s.r.ManagedResource Loaded initArgs {} for /rest/managed
2020-04-23 10:04:39.196 INFO  (coreLoadExecutor-9-thread-1) [   x:tweets] o.a.s.h.c.SpellCheckComponent Initializing spell checkers
2020-04-23 10:04:39.219 INFO  (coreLoadExecutor-9-thread-1) [   x:tweets] o.a.s.s.DirectSolrSpellChecker init: {name=default,field=text,classname=solr.DirectSolrSpellChecker,distanceMeasure=internal,accuracy=0.5,maxEdits=2,minPrefix=1,maxInspections=5,minQueryLength=4,maxQueryFrequency=0.01}
2020-04-23 10:04:39.243 INFO  (coreLoadExecutor-9-thread-1) [   x:tweets] o.a.s.h.c.QueryElevationComponent Loading QueryElevation from: C:\Users\soham\OneDrive\Desktop\Information Retrieval\CZ4034\solr\server\solr\tweets\conf\elevate.xml
2020-04-23 10:04:39.286 INFO  (coreLoadExecutor-9-thread-1) [   x:tweets] o.a.s.h.ReplicationHandler Commits will be reserved for 10000ms.
2020-04-23 10:04:39.328 INFO  (searcherExecutor-10-thread-1-processing-x:tweets) [   x:tweets] o.a.s.c.QuerySenderListener QuerySenderListener sending requests to Searcher@5b7a1fdf[tweets] main{ExitableDirectoryReader(UninvertingDirectoryReader(Uninverting(_0(8.4.1):C21508/191:[diagnostics={java.vendor=Oracle Corporation, os=Windows 10, java.version=11.0.4, java.vm.version=11.0.4+10-LTS, lucene.version=8.4.1, os.arch=amd64, java.runtime.version=11.0.4+10-LTS, source=flush, os.version=10.0, timestamp=1584701998235}]:[attributes={Lucene50StoredFieldsFormat.mode=BEST_SPEED}]:delGen=1)))}
2020-04-23 10:04:39.328 INFO  (searcherExecutor-10-thread-1-processing-x:tweets) [   x:tweets] o.a.s.c.QuerySenderListener QuerySenderListener done.
2020-04-23 10:04:39.328 INFO  (searcherExecutor-10-thread-1-processing-x:tweets) [   x:tweets] o.a.s.h.c.SpellCheckComponent Loading spell index for spellchecker: default
2020-04-23 10:04:39.328 INFO  (searcherExecutor-10-thread-1-processing-x:tweets) [   x:tweets] o.a.s.h.c.SpellCheckComponent Loading spell index for spellchecker: wordbreak
2020-04-23 10:04:39.346 INFO  (searcherExecutor-10-thread-1-processing-x:tweets) [   x:tweets] o.a.s.c.SolrCore [tweets] Registered new searcher Searcher@5b7a1fdf[tweets] main{ExitableDirectoryReader(UninvertingDirectoryReader(Uninverting(_0(8.4.1):C21508/191:[diagnostics={java.vendor=Oracle Corporation, os=Windows 10, java.version=11.0.4, java.vm.version=11.0.4+10-LTS, lucene.version=8.4.1, os.arch=amd64, java.runtime.version=11.0.4+10-LTS, source=flush, os.version=10.0, timestamp=1584701998235}]:[attributes={Lucene50StoredFieldsFormat.mode=BEST_SPEED}]:delGen=1)))}
2020-04-23 10:07:26.575 INFO  (qtp1615801298-18) [   x:tweets] o.a.s.c.S.Request [tweets]  webapp=/solr path=/select params={q=tweet:"corona"&f1=*,score&sort=likes+desc&rows=20&wt=json} hits=1760 status=0 QTime=258
2020-04-23 10:07:56.739 INFO  (qtp1615801298-20) [   x:tweets] o.a.s.c.S.Request [tweets]  webapp=/solr path=/select params={q=tweet:"corona"&f1=*,score&sort=likes+desc&rows=20&wt=json} hits=1760 status=0 QTime=1
2020-04-23 10:08:57.636 INFO  (qtp1615801298-21) [   x:tweets] o.a.s.c.S.Request [tweets]  webapp=/solr path=/select params={q=tweet:"corona"&fq=location:"United+States"&sort=likes+desc&rows=20&wt=json} hits=61 status=0 QTime=71
2020-04-23 10:19:18.542 INFO  (qtp1615801298-26) [   x:tweets] o.a.s.c.S.Request [tweets]  webapp=/solr path=/select params={q=tweet:"corona"&f1=*,score&sort=likes+desc&rows=20&wt=json} hits=1760 status=0 QTime=2
2020-04-23 10:19:18.570 INFO  (qtp1615801298-17) [   x:tweets] o.a.s.c.S.Request [tweets]  webapp=/solr path=/select params={q=tweet:"corona"&f1=*,score&sort=likes+desc&rows=20&wt=json} hits=1760 status=0 QTime=1
2020-04-23 10:22:13.180 INFO  (qtp1615801298-22) [   x:tweets] o.a.s.c.S.Request [tweets]  webapp=/solr path=/select params={q=tweet:"corona"&f1=*,score&sort=likes+desc&rows=20&wt=json} hits=1760 status=0 QTime=2
2020-04-23 10:23:42.809 INFO  (qtp1615801298-24) [   x:tweets] o.a.s.c.S.Request [tweets]  webapp=/solr path=/select params={q=tweet:"virus"&f1=*,score&sort=likes+desc&rows=20&wt=json} hits=2867 status=0 QTime=11
2020-04-23 10:24:11.891 INFO  (qtp1615801298-19) [   x:tweets] o.a.s.c.S.Request [tweets]  webapp=/solr path=/select params={q=tweet:"ilhan"&f1=*,score&sort=likes+desc&rows=20&wt=json} hits=7 status=0 QTime=4
2020-04-23 10:24:21.350 INFO  (qtp1615801298-18) [   x:tweets] o.a.s.c.S.Request [tweets]  webapp=/solr path=/select params={q=tweet:"smile"&f1=*,score&sort=likes+desc&rows=20&wt=json} hits=24 status=0 QTime=5
2020-04-23 10:25:17.416 INFO  (qtp1615801298-21) [   x:tweets] o.a.s.c.S.Request [tweets]  webapp=/solr path=/select params={q=tweet:"corona+?"&f1=*,score&sort=likes+desc&rows=20&wt=json} hits=2 status=0 QTime=22
2020-04-23 10:25:44.980 INFO  (qtp1615801298-26) [   x:tweets] o.a.s.c.S.Request [tweets]  webapp=/solr path=/select params={q=tweet:"?"&f1=*,score&sort=likes+desc&rows=20&wt=json} hits=146 status=0 QTime=4
2020-04-23 10:26:41.053 INFO  (qtp1615801298-20) [   x:tweets] o.a.s.c.S.Request [tweets]  webapp=/solr path=/select params={q=tweet:"China+corona+virus"&f1=*,score&sort=likes+desc&rows=20&wt=json} hits=0 status=0 QTime=8
2020-04-23 10:26:45.262 INFO  (qtp1615801298-24) [   x:tweets] o.a.s.c.S.Request [tweets]  webapp=/solr path=/select params={q=tweet:"Chine+virus"&f1=*,score&sort=likes+desc&rows=20&wt=json} hits=0 status=0 QTime=4
2020-04-23 10:26:52.708 INFO  (qtp1615801298-19) [   x:tweets] o.a.s.c.S.Request [tweets]  webapp=/solr path=/select params={q=tweet:"China+corona"&f1=*,score&sort=likes+desc&rows=20&wt=json} hits=0 status=0 QTime=5
2020-04-23 10:26:55.470 INFO  (qtp1615801298-18) [   x:tweets] o.a.s.c.S.Request [tweets]  webapp=/solr path=/select params={q=tweet:"corona"&f1=*,score&sort=likes+desc&rows=20&wt=json} hits=1760 status=0 QTime=1
2020-04-23 10:27:06.722 INFO  (qtp1615801298-21) [   x:tweets] o.a.s.c.S.Request [tweets]  webapp=/solr path=/select params={q=tweet:"corona+virus"&f1=*,score&sort=likes+desc&rows=20&wt=json} hits=898 status=0 QTime=7
2020-04-23 10:27:31.898 INFO  (qtp1615801298-26) [   x:tweets] o.a.s.c.S.Request [tweets]  webapp=/solr path=/select params={q=tweet:"china+corona"&f1=*,score&sort=likes+desc&rows=20&wt=json} hits=0 status=0 QTime=1
2020-04-23 10:27:39.122 INFO  (qtp1615801298-20) [   x:tweets] o.a.s.c.S.Request [tweets]  webapp=/solr path=/select params={q=tweet:"corona+virus"&f1=*,score&sort=likes+desc&rows=20&wt=json} hits=898 status=0 QTime=1
2020-04-23 10:30:18.017 INFO  (qtp1615801298-24) [   x:tweets] o.a.s.c.S.Request [tweets]  webapp=/solr path=/select params={q=tweet:"the"&f1=*,score&sort=likes+desc&rows=20&wt=json} hits=11665 status=0 QTime=16
2020-04-23 10:30:27.459 INFO  (qtp1615801298-19) [   x:tweets] o.a.s.c.S.Request [tweets]  webapp=/solr path=/select params={q=tweet:"corona"&f1=*,score&sort=likes+desc&rows=20&wt=json} hits=1760 status=0 QTime=0
2020-04-23 10:30:45.048 INFO  (qtp1615801298-18) [   x:tweets] o.a.s.c.S.Request [tweets]  webapp=/solr path=/select params={q=tweet:"corona"&fq=location:"United+States"&sort=likes+desc&rows=20&wt=json} hits=61 status=0 QTime=1
