[2020-04-04T19:42:25.841+0800][0.046s] Heap region size: 1M
[2020-04-04T19:42:26.102+0800][0.307s] Using G1
[2020-04-04T19:42:26.102+0800][0.307s] Heap address: 0x00000000e0000000, size: 512 MB, Compressed Oops mode: 32-bit
[2020-04-04T19:42:27.539+0800][1.744s] GC(0) Pause Young (Normal) (G1 Evacuation Pause)
[2020-04-04T19:42:27.540+0800][1.745s] GC(0) Using 10 workers of 10 for evacuation
[2020-04-04T19:42:27.544+0800][1.749s] GC(0)   Pre Evacuate Collection Set: 0.0ms
[2020-04-04T19:42:27.544+0800][1.749s] GC(0)   Evacuate Collection Set: 3.4ms
[2020-04-04T19:42:27.544+0800][1.749s] GC(0)   Post Evacuate Collection Set: 0.5ms
[2020-04-04T19:42:27.544+0800][1.749s] GC(0)   Other: 0.7ms
[2020-04-04T19:42:27.544+0800][1.749s] GC(0) Eden regions: 30->0(303)
[2020-04-04T19:42:27.544+0800][1.749s] GC(0) Survivor regions: 0->4(4)
[2020-04-04T19:42:27.544+0800][1.749s] GC(0) Old regions: 0->0
[2020-04-04T19:42:27.544+0800][1.749s] GC(0) Humongous regions: 0->0
[2020-04-04T19:42:27.545+0800][1.749s] GC(0) Metaspace: 14819K->14819K(1062912K)
[2020-04-04T19:42:27.545+0800][1.749s] GC(0) Pause Young (Normal) (G1 Evacuation Pause) 30M->3M(512M) 5.173ms
[2020-04-04T19:42:27.545+0800][1.749s] GC(0) User=0.00s Sys=0.00s Real=0.01s
[2020-04-04T19:42:28.011+0800][2.215s] GC(1) Pause Young (Concurrent Start) (Metadata GC Threshold)
[2020-04-04T19:42:28.011+0800][2.216s] GC(1) Using 10 workers of 10 for evacuation
[2020-04-04T19:42:28.027+0800][2.231s] GC(1)   Pre Evacuate Collection Set: 0.0ms
[2020-04-04T19:42:28.027+0800][2.231s] GC(1)   Evacuate Collection Set: 14.9ms
[2020-04-04T19:42:28.027+0800][2.232s] GC(1)   Post Evacuate Collection Set: 0.7ms
[2020-04-04T19:42:28.027+0800][2.232s] GC(1)   Other: 0.3ms
[2020-04-04T19:42:28.027+0800][2.232s] GC(1) Eden regions: 21->0(89)
[2020-04-04T19:42:28.027+0800][2.232s] GC(1) Survivor regions: 4->12(39)
[2020-04-04T19:42:28.027+0800][2.232s] GC(1) Old regions: 0->0
[2020-04-04T19:42:28.027+0800][2.232s] GC(1) Humongous regions: 4->4
[2020-04-04T19:42:28.027+0800][2.232s] GC(1) Metaspace: 20734K->20734K(1069056K)
[2020-04-04T19:42:28.027+0800][2.232s] GC(1) Pause Young (Concurrent Start) (Metadata GC Threshold) 28M->15M(512M) 16.247ms
[2020-04-04T19:42:28.027+0800][2.232s] GC(1) User=0.03s Sys=0.00s Real=0.02s
[2020-04-04T19:42:28.027+0800][2.232s] GC(2) Concurrent Cycle
[2020-04-04T19:42:28.027+0800][2.232s] GC(2) Concurrent Clear Claimed Marks
[2020-04-04T19:42:28.027+0800][2.232s] GC(2) Concurrent Clear Claimed Marks 0.041ms
[2020-04-04T19:42:28.027+0800][2.232s] GC(2) Concurrent Scan Root Regions
[2020-04-04T19:42:28.032+0800][2.236s] GC(2) Concurrent Scan Root Regions 4.538ms
[2020-04-04T19:42:28.032+0800][2.237s] GC(2) Concurrent Mark (2.237s)
[2020-04-04T19:42:28.032+0800][2.237s] GC(2) Concurrent Mark From Roots
[2020-04-04T19:42:28.032+0800][2.237s] GC(2) Using 3 workers of 3 for marking
[2020-04-04T19:42:28.033+0800][2.238s] GC(2) Concurrent Mark From Roots 1.476ms
[2020-04-04T19:42:28.033+0800][2.238s] GC(2) Concurrent Preclean
[2020-04-04T19:42:28.034+0800][2.238s] GC(2) Concurrent Preclean 0.301ms
[2020-04-04T19:42:28.034+0800][2.239s] GC(2) Concurrent Mark (2.237s, 2.238s) 1.939ms
[2020-04-04T19:42:28.034+0800][2.239s] GC(2) Pause Remark
[2020-04-04T19:42:28.036+0800][2.240s] GC(2) Cleaned string and symbol table, strings: 10199 processed, 0 removed, symbols: 68105 processed, 11 removed
[2020-04-04T19:42:28.036+0800][2.241s] GC(2) Pause Remark 16M->16M(512M) 1.909ms
[2020-04-04T19:42:28.036+0800][2.241s] GC(2) User=0.00s Sys=0.00s Real=0.00s
[2020-04-04T19:42:28.036+0800][2.241s] GC(2) Concurrent Rebuild Remembered Sets
[2020-04-04T19:42:28.038+0800][2.243s] GC(2) Concurrent Rebuild Remembered Sets 2.179ms
[2020-04-04T19:42:28.038+0800][2.243s] GC(2) Pause Cleanup
[2020-04-04T19:42:28.038+0800][2.243s] GC(2) Pause Cleanup 16M->16M(512M) 0.134ms
[2020-04-04T19:42:28.039+0800][2.243s] GC(2) User=0.00s Sys=0.00s Real=0.00s
[2020-04-04T19:42:28.039+0800][2.243s] GC(2) Concurrent Cleanup for Next Mark
[2020-04-04T19:42:28.039+0800][2.244s] GC(2) Concurrent Cleanup for Next Mark 0.326ms
[2020-04-04T19:42:28.039+0800][2.244s] GC(2) Concurrent Cycle 12.014ms
[2020-04-04T19:42:29.202+0800][3.407s] GC(3) Pause Young (Normal) (G1 Evacuation Pause)
[2020-04-04T19:42:29.202+0800][3.408s] GC(3) Using 10 workers of 10 for evacuation
[2020-04-04T19:42:29.213+0800][3.418s] GC(3)   Pre Evacuate Collection Set: 0.0ms
[2020-04-04T19:42:29.213+0800][3.418s] GC(3)   Evacuate Collection Set: 9.2ms
[2020-04-04T19:42:29.213+0800][3.418s] GC(3)   Post Evacuate Collection Set: 1.0ms
[2020-04-04T19:42:29.213+0800][3.418s] GC(3)   Other: 0.2ms
[2020-04-04T19:42:29.213+0800][3.418s] GC(3) Eden regions: 39->0(63)
[2020-04-04T19:42:29.213+0800][3.418s] GC(3) Survivor regions: 12->7(7)
[2020-04-04T19:42:29.213+0800][3.418s] GC(3) Old regions: 0->13
[2020-04-04T19:42:29.213+0800][3.418s] GC(3) Humongous regions: 4->4
[2020-04-04T19:42:29.213+0800][3.418s] GC(3) Metaspace: 24101K->24101K(1071104K)
[2020-04-04T19:42:29.213+0800][3.418s] GC(3) Pause Young (Normal) (G1 Evacuation Pause) 54M->23M(512M) 10.886ms
[2020-04-04T19:42:29.213+0800][3.418s] GC(3) User=0.00s Sys=0.00s Real=0.01s
[2020-04-04T19:42:30.695+0800][4.900s] GC(4) Pause Young (Normal) (G1 Evacuation Pause)
[2020-04-04T19:42:30.695+0800][4.900s] GC(4) Using 10 workers of 10 for evacuation
[2020-04-04T19:42:30.697+0800][4.902s] GC(4)   Pre Evacuate Collection Set: 0.0ms
[2020-04-04T19:42:30.697+0800][4.902s] GC(4)   Evacuate Collection Set: 1.3ms
[2020-04-04T19:42:30.697+0800][4.902s] GC(4)   Post Evacuate Collection Set: 0.5ms
[2020-04-04T19:42:30.697+0800][4.902s] GC(4)   Other: 0.2ms
[2020-04-04T19:42:30.697+0800][4.902s] GC(4) Eden regions: 63->0(107)
[2020-04-04T19:42:30.697+0800][4.902s] GC(4) Survivor regions: 7->2(9)
[2020-04-04T19:42:30.697+0800][4.902s] GC(4) Old regions: 13->19
[2020-04-04T19:42:30.697+0800][4.902s] GC(4) Humongous regions: 4->4
[2020-04-04T19:42:30.697+0800][4.902s] GC(4) Metaspace: 28260K->28260K(1075200K)
[2020-04-04T19:42:30.697+0800][4.902s] GC(4) Pause Young (Normal) (G1 Evacuation Pause) 86M->23M(512M) 2.203ms
[2020-04-04T19:42:30.697+0800][4.902s] GC(4) User=0.00s Sys=0.00s Real=0.00s
[2020-04-04T19:42:32.041+0800][6.246s] GC(5) Pause Young (Concurrent Start) (Metadata GC Threshold)
[2020-04-04T19:42:32.041+0800][6.246s] GC(5) Using 10 workers of 10 for evacuation
[2020-04-04T19:42:32.047+0800][6.251s] GC(5)   Pre Evacuate Collection Set: 0.1ms
[2020-04-04T19:42:32.047+0800][6.252s] GC(5)   Evacuate Collection Set: 4.7ms
[2020-04-04T19:42:32.047+0800][6.252s] GC(5)   Post Evacuate Collection Set: 0.7ms
[2020-04-04T19:42:32.047+0800][6.252s] GC(5)   Other: 0.5ms
[2020-04-04T19:42:32.047+0800][6.252s] GC(5) Eden regions: 45->0(117)
[2020-04-04T19:42:32.047+0800][6.252s] GC(5) Survivor regions: 2->2(14)
[2020-04-04T19:42:32.047+0800][6.252s] GC(5) Old regions: 19->19
[2020-04-04T19:42:32.047+0800][6.252s] GC(5) Humongous regions: 4->4
[2020-04-04T19:42:32.047+0800][6.252s] GC(5) Metaspace: 35256K->35256K(1081344K)
[2020-04-04T19:42:32.047+0800][6.252s] GC(5) Pause Young (Concurrent Start) (Metadata GC Threshold) 68M->24M(512M) 6.538ms
[2020-04-04T19:42:32.047+0800][6.252s] GC(5) User=0.16s Sys=0.00s Real=0.01s
[2020-04-04T19:42:32.047+0800][6.252s] GC(6) Concurrent Cycle
[2020-04-04T19:42:32.048+0800][6.252s] GC(6) Concurrent Clear Claimed Marks
[2020-04-04T19:42:32.048+0800][6.252s] GC(6) Concurrent Clear Claimed Marks 0.092ms
[2020-04-04T19:42:32.048+0800][6.253s] GC(6) Concurrent Scan Root Regions
[2020-04-04T19:42:32.048+0800][6.255s] GC(6) Concurrent Scan Root Regions 2.663ms
[2020-04-04T19:42:32.048+0800][6.255s] GC(6) Concurrent Mark (6.255s)
[2020-04-04T19:42:32.048+0800][6.255s] GC(6) Concurrent Mark From Roots
[2020-04-04T19:42:32.048+0800][6.255s] GC(6) Using 3 workers of 3 for marking
[2020-04-04T19:42:32.103+0800][6.307s] GC(6) Concurrent Mark From Roots 51.887ms
[2020-04-04T19:42:32.103+0800][6.307s] GC(6) Concurrent Preclean
[2020-04-04T19:42:32.103+0800][6.308s] GC(6) Concurrent Preclean 0.605ms
[2020-04-04T19:42:32.103+0800][6.308s] GC(6) Concurrent Mark (6.255s, 6.308s) 52.768ms
[2020-04-04T19:42:32.104+0800][6.309s] GC(6) Pause Remark
[2020-04-04T19:42:32.106+0800][6.311s] GC(6) Cleaned string and symbol table, strings: 16508 processed, 24 removed, symbols: 115100 processed, 54 removed
[2020-04-04T19:42:32.106+0800][6.312s] GC(6) Pause Remark 26M->26M(512M) 3.170ms
[2020-04-04T19:42:32.106+0800][6.312s] GC(6) User=0.00s Sys=0.00s Real=0.00s
[2020-04-04T19:42:32.106+0800][6.312s] GC(6) Concurrent Rebuild Remembered Sets
[2020-04-04T19:42:32.121+0800][6.326s] GC(6) Concurrent Rebuild Remembered Sets 14.494ms
[2020-04-04T19:42:32.121+0800][6.327s] GC(6) Pause Cleanup
[2020-04-04T19:42:32.121+0800][6.327s] GC(6) Pause Cleanup 27M->27M(512M) 0.279ms
[2020-04-04T19:42:32.121+0800][6.327s] GC(6) User=0.00s Sys=0.00s Real=0.00s
[2020-04-04T19:42:32.121+0800][6.327s] GC(6) Concurrent Cleanup for Next Mark
[2020-04-04T19:42:32.123+0800][6.328s] GC(6) Concurrent Cleanup for Next Mark 0.708ms
[2020-04-04T19:42:32.123+0800][6.328s] GC(6) Concurrent Cycle 75.851ms
[2020-04-04T19:42:38.900+0800][13.105s] GC(7) Pause Young (Concurrent Start) (G1 Evacuation Pause)
[2020-04-04T19:42:38.900+0800][13.105s] GC(7) Using 10 workers of 10 for evacuation
[2020-04-04T19:42:38.916+0800][13.120s] GC(7)   Pre Evacuate Collection Set: 0.1ms
[2020-04-04T19:42:38.916+0800][13.120s] GC(7)   Evacuate Collection Set: 13.7ms
[2020-04-04T19:42:38.916+0800][13.120s] GC(7)   Post Evacuate Collection Set: 1.0ms
[2020-04-04T19:42:38.916+0800][13.121s] GC(7)   Other: 0.5ms
[2020-04-04T19:42:38.916+0800][13.121s] GC(7) Eden regions: 117->0(176)
[2020-04-04T19:42:38.916+0800][13.121s] GC(7) Survivor regions: 2->10(15)
[2020-04-04T19:42:38.916+0800][13.121s] GC(7) Old regions: 19->19
[2020-04-04T19:42:38.916+0800][13.121s] GC(7) Humongous regions: 6->5
[2020-04-04T19:42:38.916+0800][13.121s] GC(7) Metaspace: 42557K->42557K(1087488K)
[2020-04-04T19:42:38.916+0800][13.121s] GC(7) Pause Young (Concurrent Start) (G1 Evacuation Pause) 143M->33M(512M) 15.901ms
[2020-04-04T19:42:38.916+0800][13.121s] GC(7) User=0.06s Sys=0.00s Real=0.02s
[2020-04-04T19:42:38.916+0800][13.121s] GC(8) Concurrent Cycle
[2020-04-04T19:42:38.916+0800][13.121s] GC(8) Concurrent Clear Claimed Marks
[2020-04-04T19:42:38.917+0800][13.121s] GC(8) Concurrent Clear Claimed Marks 0.121ms
[2020-04-04T19:42:38.917+0800][13.121s] GC(8) Concurrent Scan Root Regions
[2020-04-04T19:42:38.918+0800][13.126s] GC(8) Concurrent Scan Root Regions 4.872ms
[2020-04-04T19:42:38.922+0800][13.126s] GC(8) Concurrent Mark (13.126s)
[2020-04-04T19:42:38.922+0800][13.127s] GC(8) Concurrent Mark From Roots
[2020-04-04T19:42:38.922+0800][13.127s] GC(8) Using 3 workers of 3 for marking
[2020-04-04T19:42:38.962+0800][13.167s] GC(8) Concurrent Mark From Roots 40.108ms
[2020-04-04T19:42:38.962+0800][13.167s] GC(8) Concurrent Preclean
[2020-04-04T19:42:38.962+0800][13.167s] GC(8) Concurrent Preclean 0.587ms
[2020-04-04T19:42:38.962+0800][13.167s] GC(8) Concurrent Mark (13.126s, 13.167s) 40.978ms
[2020-04-04T19:42:38.962+0800][13.168s] GC(8) Pause Remark
[2020-04-04T19:42:38.966+0800][13.171s] GC(8) Cleaned string and symbol table, strings: 19896 processed, 0 removed, symbols: 136498 processed, 46 removed
[2020-04-04T19:42:38.967+0800][13.172s] GC(8) Pause Remark 40M->40M(512M) 3.929ms
[2020-04-04T19:42:38.967+0800][13.172s] GC(8) User=0.05s Sys=0.00s Real=0.01s
[2020-04-04T19:42:38.967+0800][13.172s] GC(8) Concurrent Rebuild Remembered Sets
[2020-04-04T19:42:38.983+0800][13.188s] GC(8) Concurrent Rebuild Remembered Sets 16.267ms
[2020-04-04T19:42:38.984+0800][13.189s] GC(8) Pause Cleanup
[2020-04-04T19:42:38.984+0800][13.189s] GC(8) Pause Cleanup 41M->41M(512M) 0.275ms
[2020-04-04T19:42:38.984+0800][13.189s] GC(8) User=0.00s Sys=0.00s Real=0.00s
[2020-04-04T19:42:38.984+0800][13.189s] GC(8) Concurrent Cleanup for Next Mark
[2020-04-04T19:42:38.984+0800][13.190s] GC(8) Concurrent Cleanup for Next Mark 0.666ms
[2020-04-04T19:42:38.984+0800][13.190s] GC(8) Concurrent Cycle 68.844ms
[2020-04-04T19:42:39.927+0800][14.132s] GC(9) Pause Young (Normal) (G1 Evacuation Pause)
[2020-04-04T19:42:39.927+0800][14.132s] GC(9) Using 10 workers of 10 for evacuation
[2020-04-04T19:42:39.932+0800][14.137s] GC(9)   Pre Evacuate Collection Set: 0.0ms
[2020-04-04T19:42:39.932+0800][14.137s] GC(9)   Evacuate Collection Set: 4.6ms
[2020-04-04T19:42:39.932+0800][14.137s] GC(9)   Post Evacuate Collection Set: 0.5ms
[2020-04-04T19:42:39.932+0800][14.137s] GC(9)   Other: 0.2ms
[2020-04-04T19:42:39.932+0800][14.137s] GC(9) Eden regions: 182->0(248)
[2020-04-04T19:42:39.932+0800][14.137s] GC(9) Survivor regions: 10->12(24)
[2020-04-04T19:42:39.932+0800][14.137s] GC(9) Old regions: 19->19
[2020-04-04T19:42:39.932+0800][14.137s] GC(9) Humongous regions: 5->5
[2020-04-04T19:42:39.932+0800][14.137s] GC(9) Metaspace: 46966K->46966K(1091584K)
[2020-04-04T19:42:39.932+0800][14.137s] GC(9) Pause Young (Normal) (G1 Evacuation Pause) 215M->35M(512M) 5.639ms
[2020-04-04T19:42:39.932+0800][14.137s] GC(9) User=0.00s Sys=0.00s Real=0.00s
[2020-04-04T20:12:18.690+0800][1792.895s] GC(10) Pause Young (Normal) (G1 Evacuation Pause)
[2020-04-04T20:12:18.691+0800][1792.895s] GC(10) Using 10 workers of 10 for evacuation
[2020-04-04T20:12:18.712+0800][1792.920s] GC(10)   Pre Evacuate Collection Set: 0.1ms
[2020-04-04T20:12:18.712+0800][1792.920s] GC(10)   Evacuate Collection Set: 22.0ms
[2020-04-04T20:12:18.712+0800][1792.921s] GC(10)   Post Evacuate Collection Set: 2.4ms
[2020-04-04T20:12:18.712+0800][1792.921s] GC(10)   Other: 0.9ms
[2020-04-04T20:12:18.712+0800][1792.921s] GC(10) Eden regions: 248->0(291)
[2020-04-04T20:12:18.712+0800][1792.921s] GC(10) Survivor regions: 12->16(33)
[2020-04-04T20:12:18.712+0800][1792.921s] GC(10) Old regions: 19->19
[2020-04-04T20:12:18.712+0800][1792.921s] GC(10) Humongous regions: 5->5
[2020-04-04T20:12:18.712+0800][1792.921s] GC(10) Metaspace: 55184K->55184K(1099776K)
[2020-04-04T20:12:18.716+0800][1792.921s] GC(10) Pause Young (Normal) (G1 Evacuation Pause) 283M->39M(512M) 25.834ms
[2020-04-04T20:12:18.716+0800][1792.921s] GC(10) User=0.14s Sys=0.02s Real=0.03s
